[ 2019-08-05T00:26:35+08:00 ] ::1 /hqgz3/index.php
INFO: [ app_init ] --START--
INFO: Run Behavior\BuildLiteBehavior [ RunTime:0.000018s ]
INFO: [ app_init ] --END-- [ RunTime:0.002856s ]
INFO: [ app_begin ] --START--
INFO: Run Behavior\ReadHtmlCacheBehavior [ RunTime:0.000724s ]
INFO: [ app_begin ] --END-- [ RunTime:0.000760s ]
ERR: syntax error, unexpected ':', expecting ',' or ')'

[ 2019-08-05T00:27:19+08:00 ] ::1 /hqgz3/index.php
INFO: [ app_init ] --START--
INFO: Run Behavior\BuildLiteBehavior [ RunTime:0.000015s ]
INFO: [ app_init ] --END-- [ RunTime:0.000495s ]
INFO: [ app_begin ] --START--
INFO: Run Behavior\ReadHtmlCacheBehavior [ RunTime:0.000538s ]
INFO: [ app_begin ] --END-- [ RunTime:0.000582s ]
INFO: [ view_parse ] --START--
INFO: [ template_filter ] --START--
INFO: Run Behavior\ContentReplaceBehavior [ RunTime:0.000052s ]
INFO: [ template_filter ] --END-- [ RunTime:0.000090s ]
INFO: Run Behavior\ParseTemplateBehavior [ RunTime:0.009121s ]
INFO: [ view_parse ] --END-- [ RunTime:0.009154s ]
INFO: [ view_filter ] --START--
INFO: Run Behavior\WriteHtmlCacheBehavior [ RunTime:0.000436s ]
INFO: [ view_filter ] --END-- [ RunTime:0.000463s ]
INFO: [ app_end ] --START--
INFO: Run Behavior\ShowPageTraceBehavior [ RunTime:0.000918s ]
INFO: [ app_end ] --END-- [ RunTime:0.000945s ]

[ 2019-08-05T00:27:24+08:00 ] ::1 /hqgz3/index.php/Home/Index/Logincheck.html
INFO: [ app_init ] --START--
INFO: Run Behavior\BuildLiteBehavior [ RunTime:0.000009s ]
INFO: [ app_init ] --END-- [ RunTime:0.000268s ]
INFO: [ app_begin ] --START--
INFO: Run Behavior\ReadHtmlCacheBehavior [ RunTime:0.000362s ]
INFO: [ app_begin ] --END-- [ RunTime:0.000396s ]
SQL: SHOW COLUMNS FROM `gz_accounts` [ RunTime:0.0004s ]
SQL: SELECT * FROM `gz_accounts` WHERE `身份证号` = '321111198004142919' AND `密码` = '142919' LIMIT 1   [ RunTime:0.0002s ]
SQL: UPDATE `gz_accounts` SET `lasttime`='2019-08-05 00:27:24' WHERE `身份证号` = '321111198004142919' AND `密码` = '142919' [ RunTime:0.0138s ]

[ 2019-08-05T00:27:24+08:00 ] ::1 /hqgz3/index.php/Home/Detail/Index.html
INFO: [ app_init ] --START--
INFO: Run Behavior\BuildLiteBehavior [ RunTime:0.000011s ]
INFO: [ app_init ] --END-- [ RunTime:0.000280s ]
INFO: [ app_begin ] --START--
INFO: Run Behavior\ReadHtmlCacheBehavior [ RunTime:0.000371s ]
INFO: [ app_begin ] --END-- [ RunTime:0.000397s ]
SQL: SHOW COLUMNS FROM `gz_management` [ RunTime:0.0010s ]
SQL: SELECT `年份`,`月份` FROM `gz_management` GROUP BY 年份,月份 ORDER BY 年份 desc,月份 desc  [ RunTime:0.0037s ]
SQL: SELECT * FROM `gz_management` WHERE `身份证号` = '321111198004142919' AND `年份` = '2019' AND `月份` = '07' LIMIT 1   [ RunTime:0.0009s ]
INFO: [ view_parse ] --START--
INFO: [ template_filter ] --START--
INFO: Run Behavior\ContentReplaceBehavior [ RunTime:0.000050s ]
INFO: [ template_filter ] --END-- [ RunTime:0.000084s ]
INFO: Run Behavior\ParseTemplateBehavior [ RunTime:0.013778s ]
INFO: [ view_parse ] --END-- [ RunTime:0.013831s ]
INFO: [ view_filter ] --START--
INFO: Run Behavior\WriteHtmlCacheBehavior [ RunTime:0.000292s ]
INFO: [ view_filter ] --END-- [ RunTime:0.000335s ]
INFO: [ app_end ] --START--
INFO: Run Behavior\ShowPageTraceBehavior [ RunTime:0.001803s ]
INFO: [ app_end ] --END-- [ RunTime:0.001856s ]

