[ 2019-07-28T12:57:39+08:00 ] ::1 /hqgz3/index.php/user/user/list.html
INFO: [ app_init ] --START--
INFO: Run Behavior\BuildLiteBehavior [ RunTime:0.000011s ]
INFO: [ app_init ] --END-- [ RunTime:0.000398s ]
ERR: 无法加载模块:User

[ 2019-07-28T13:00:29+08:00 ] ::1 /hqgz3/index.php/user/user/list.html
INFO: [ app_init ] --START--
INFO: Run Behavior\BuildLiteBehavior [ RunTime:0.000010s ]
INFO: [ app_init ] --END-- [ RunTime:0.000265s ]
ERR: 无法加载模块:User

[ 2019-07-28T13:00:36+08:00 ] ::1 /hqgz3/index.php/layuiadmin/style/admin.css
INFO: [ app_init ] --START--
INFO: Run Behavior\BuildLiteBehavior [ RunTime:0.000010s ]
INFO: [ app_init ] --END-- [ RunTime:0.000550s ]
ERR: 无法加载模块:Layuiadmin

[ 2019-07-28T13:00:36+08:00 ] ::1 /hqgz3/index.php/layuiadmin/layui/layui.js
INFO: [ app_init ] --START--
INFO: Run Behavior\BuildLiteBehavior [ RunTime:0.000015s ]
INFO: [ app_init ] --END-- [ RunTime:0.000398s ]
ERR: 无法加载模块:Layuiadmin

[ 2019-07-28T13:00:36+08:00 ] ::1 /hqgz3/index.php/layuiadmin/layui/css/layui.css
INFO: [ app_init ] --START--
INFO: Run Behavior\BuildLiteBehavior [ RunTime:0.000016s ]
INFO: [ app_init ] --END-- [ RunTime:0.000905s ]
ERR: 无法加载模块:Layuiadmin

[ 2019-07-28T13:00:37+08:00 ] ::1 /hqgz3/index.php/layuiadmin/layui/layui.js
INFO: [ app_init ] --START--
INFO: Run Behavior\BuildLiteBehavior [ RunTime:0.000014s ]
INFO: [ app_init ] --END-- [ RunTime:0.000379s ]
ERR: 无法加载模块:Layuiadmin

[ 2019-07-28T13:00:37+08:00 ] ::1 /hqgz3/index.php/layuiadmin/layui/css/layui.css
INFO: [ app_init ] --START--
INFO: Run Behavior\BuildLiteBehavior [ RunTime:0.000008s ]
INFO: [ app_init ] --END-- [ RunTime:0.000266s ]
ERR: 无法加载模块:Layuiadmin

[ 2019-07-28T13:00:37+08:00 ] ::1 /hqgz3/index.php/layuiadmin/style/admin.css
INFO: [ app_init ] --START--
INFO: Run Behavior\BuildLiteBehavior [ RunTime:0.000050s ]
INFO: [ app_init ] --END-- [ RunTime:0.000649s ]
ERR: 无法加载模块:Layuiadmin

[ 2019-07-28T13:01:36+08:00 ] ::1 /hqgz3/index.php/layuiadmin/layui/layui.js
INFO: [ app_init ] --START--
INFO: Run Behavior\BuildLiteBehavior [ RunTime:0.000016s ]
INFO: [ app_init ] --END-- [ RunTime:0.000547s ]
ERR: 无法加载模块:Layuiadmin

[ 2019-07-28T13:01:36+08:00 ] ::1 /hqgz3/index.php/layuiadmin/layui/css/layui.css
INFO: [ app_init ] --START--
INFO: Run Behavior\BuildLiteBehavior [ RunTime:0.000015s ]
INFO: [ app_init ] --END-- [ RunTime:0.000374s ]
ERR: 无法加载模块:Layuiadmin

[ 2019-07-28T13:01:36+08:00 ] ::1 /hqgz3/index.php/layuiadmin/style/admin.css
INFO: [ app_init ] --START--
INFO: Run Behavior\BuildLiteBehavior [ RunTime:0.000013s ]
INFO: [ app_init ] --END-- [ RunTime:0.000724s ]
ERR: 无法加载模块:Layuiadmin

[ 2019-07-28T13:01:38+08:00 ] ::1 /hqgz3/index.php/layuiadmin/layui/layui.js
INFO: [ app_init ] --START--
INFO: Run Behavior\BuildLiteBehavior [ RunTime:0.000014s ]
INFO: [ app_init ] --END-- [ RunTime:0.000365s ]
ERR: 无法加载模块:Layuiadmin

[ 2019-07-28T13:01:38+08:00 ] ::1 /hqgz3/index.php/layuiadmin/layui/css/layui.css
INFO: [ app_init ] --START--
INFO: Run Behavior\BuildLiteBehavior [ RunTime:0.000011s ]
INFO: [ app_init ] --END-- [ RunTime:0.000362s ]
ERR: 无法加载模块:Layuiadmin

[ 2019-07-28T13:01:38+08:00 ] ::1 /hqgz3/index.php/layuiadmin/style/admin.css
INFO: [ app_init ] --START--
INFO: Run Behavior\BuildLiteBehavior [ RunTime:0.000020s ]
INFO: [ app_init ] --END-- [ RunTime:0.002184s ]
ERR: 无法加载模块:Layuiadmin

[ 2019-07-28T13:01:38+08:00 ] ::1 /hqgz3/index.php/layuiadmin/layui/layui.js
INFO: [ app_init ] --START--
INFO: Run Behavior\BuildLiteBehavior [ RunTime:0.000016s ]
INFO: [ app_init ] --END-- [ RunTime:0.001114s ]
ERR: 无法加载模块:Layuiadmin

[ 2019-07-28T13:01:38+08:00 ] ::1 /hqgz3/index.php/layuiadmin/layui/css/layui.css
INFO: [ app_init ] --START--
INFO: Run Behavior\BuildLiteBehavior [ RunTime:0.000012s ]
INFO: [ app_init ] --END-- [ RunTime:0.000344s ]
ERR: 无法加载模块:Layuiadmin

[ 2019-07-28T13:01:38+08:00 ] ::1 /hqgz3/index.php/layuiadmin/style/admin.css
INFO: [ app_init ] --START--
INFO: Run Behavior\BuildLiteBehavior [ RunTime:0.000010s ]
INFO: [ app_init ] --END-- [ RunTime:0.000264s ]
ERR: 无法加载模块:Layuiadmin

[ 2019-07-28T13:01:44+08:00 ] ::1 /hqgz3/index.php/layuiadmin/style/admin.css
INFO: [ app_init ] --START--
INFO: Run Behavior\BuildLiteBehavior [ RunTime:0.000021s ]
INFO: [ app_init ] --END-- [ RunTime:0.001302s ]
ERR: 无法加载模块:Layuiadmin

[ 2019-07-28T13:01:44+08:00 ] ::1 /hqgz3/index.php/layuiadmin/layui/css/layui.css
INFO: [ app_init ] --START--
INFO: Run Behavior\BuildLiteBehavior [ RunTime:0.000015s ]
INFO: [ app_init ] --END-- [ RunTime:0.001511s ]
ERR: 无法加载模块:Layuiadmin

[ 2019-07-28T13:01:44+08:00 ] ::1 /hqgz3/index.php/layuiadmin/layui/layui.js
INFO: [ app_init ] --START--
INFO: Run Behavior\BuildLiteBehavior [ RunTime:0.000011s ]
INFO: [ app_init ] --END-- [ RunTime:0.000612s ]
ERR: 无法加载模块:Layuiadmin

[ 2019-07-28T13:01:49+08:00 ] ::1 /hqgz3/index.php/user/user/list.html
INFO: [ app_init ] --START--
INFO: Run Behavior\BuildLiteBehavior [ RunTime:0.000018s ]
INFO: [ app_init ] --END-- [ RunTime:0.000882s ]
ERR: 无法加载模块:User

[ 2019-07-28T13:06:08+08:00 ] ::1 /hqgz3/index.php/layuiadmin/layui/css/layui.css
INFO: [ app_init ] --START--
INFO: Run Behavior\BuildLiteBehavior [ RunTime:0.000014s ]
INFO: [ app_init ] --END-- [ RunTime:0.000365s ]
ERR: 无法加载模块:Layuiadmin

[ 2019-07-28T13:06:08+08:00 ] ::1 /hqgz3/index.php/layuiadmin/style/admin.css
INFO: [ app_init ] --START--
INFO: Run Behavior\BuildLiteBehavior [ RunTime:0.000010s ]
INFO: [ app_init ] --END-- [ RunTime:0.000353s ]
ERR: 无法加载模块:Layuiadmin

[ 2019-07-28T13:06:08+08:00 ] ::1 /hqgz3/index.php/layuiadmin/layui/layui.js
INFO: [ app_init ] --START--
INFO: Run Behavior\BuildLiteBehavior [ RunTime:0.000018s ]
INFO: [ app_init ] --END-- [ RunTime:0.000627s ]
ERR: 无法加载模块:Layuiadmin

[ 2019-07-28T13:06:16+08:00 ] ::1 /hqgz3/index.php/layuiadmin/layui/layui.js
INFO: [ app_init ] --START--
INFO: Run Behavior\BuildLiteBehavior [ RunTime:0.000010s ]
INFO: [ app_init ] --END-- [ RunTime:0.000260s ]
ERR: 无法加载模块:Layuiadmin

[ 2019-07-28T13:06:16+08:00 ] ::1 /hqgz3/index.php/layuiadmin/layui/css/layui.css
INFO: [ app_init ] --START--
INFO: Run Behavior\BuildLiteBehavior [ RunTime:0.000011s ]
INFO: [ app_init ] --END-- [ RunTime:0.000318s ]
ERR: 无法加载模块:Layuiadmin

[ 2019-07-28T13:06:16+08:00 ] ::1 /hqgz3/index.php/layuiadmin/style/admin.css
INFO: [ app_init ] --START--
INFO: Run Behavior\BuildLiteBehavior [ RunTime:0.000009s ]
INFO: [ app_init ] --END-- [ RunTime:0.000324s ]
ERR: 无法加载模块:Layuiadmin

[ 2019-07-28T13:10:39+08:00 ] ::1 /hqgz3/index.php/layuiadmin/layui/css/layui.css
INFO: [ app_init ] --START--
INFO: Run Behavior\BuildLiteBehavior [ RunTime:0.000015s ]
INFO: [ app_init ] --END-- [ RunTime:0.000537s ]
ERR: 无法加载模块:Layuiadmin

[ 2019-07-28T13:10:39+08:00 ] ::1 /hqgz3/index.php/layuiadmin/layui/layui.js
INFO: [ app_init ] --START--
INFO: Run Behavior\BuildLiteBehavior [ RunTime:0.000009s ]
INFO: [ app_init ] --END-- [ RunTime:0.000255s ]
ERR: 无法加载模块:Layuiadmin

[ 2019-07-28T13:10:39+08:00 ] ::1 /hqgz3/index.php/layuiadmin/style/admin.css
INFO: [ app_init ] --START--
INFO: Run Behavior\BuildLiteBehavior [ RunTime:0.000010s ]
INFO: [ app_init ] --END-- [ RunTime:0.000347s ]
ERR: 无法加载模块:Layuiadmin

[ 2019-07-28T13:10:41+08:00 ] ::1 /hqgz3/index.php/layuiadmin/style/admin.css
INFO: [ app_init ] --START--
INFO: Run Behavior\BuildLiteBehavior [ RunTime:0.000015s ]
INFO: [ app_init ] --END-- [ RunTime:0.000545s ]
ERR: 无法加载模块:Layuiadmin

[ 2019-07-28T13:10:41+08:00 ] ::1 /hqgz3/index.php/layuiadmin/layui/css/layui.css
INFO: [ app_init ] --START--
INFO: Run Behavior\BuildLiteBehavior [ RunTime:0.000013s ]
INFO: [ app_init ] --END-- [ RunTime:0.000352s ]
ERR: 无法加载模块:Layuiadmin

[ 2019-07-28T13:10:41+08:00 ] ::1 /hqgz3/index.php/layuiadmin/layui/layui.js
INFO: [ app_init ] --START--
INFO: Run Behavior\BuildLiteBehavior [ RunTime:0.000020s ]
INFO: [ app_init ] --END-- [ RunTime:0.002411s ]
ERR: 无法加载模块:Layuiadmin

[ 2019-07-28T13:10:41+08:00 ] ::1 /hqgz3/index.php/layuiadmin/style/admin.css
INFO: [ app_init ] --START--
INFO: Run Behavior\BuildLiteBehavior [ RunTime:0.000014s ]
INFO: [ app_init ] --END-- [ RunTime:0.000369s ]
ERR: 无法加载模块:Layuiadmin

[ 2019-07-28T13:10:41+08:00 ] ::1 /hqgz3/index.php/layuiadmin/layui/css/layui.css
INFO: [ app_init ] --START--
INFO: Run Behavior\BuildLiteBehavior [ RunTime:0.000011s ]
INFO: [ app_init ] --END-- [ RunTime:0.000295s ]
ERR: 无法加载模块:Layuiadmin

[ 2019-07-28T13:10:41+08:00 ] ::1 /hqgz3/index.php/layuiadmin/layui/layui.js
INFO: [ app_init ] --START--
INFO: Run Behavior\BuildLiteBehavior [ RunTime:0.000010s ]
INFO: [ app_init ] --END-- [ RunTime:0.000342s ]
ERR: 无法加载模块:Layuiadmin

[ 2019-07-28T13:12:19+08:00 ] ::1 /hqgz3/index.php/layuiadmin/layui/css/layui.css
INFO: [ app_init ] --START--
INFO: Run Behavior\BuildLiteBehavior [ RunTime:0.000013s ]
INFO: [ app_init ] --END-- [ RunTime:0.000333s ]
ERR: 无法加载模块:Layuiadmin

[ 2019-07-28T13:12:19+08:00 ] ::1 /hqgz3/index.php/layuiadmin/layui/layui.js
INFO: [ app_init ] --START--
INFO: Run Behavior\BuildLiteBehavior [ RunTime:0.000019s ]
INFO: [ app_init ] --END-- [ RunTime:0.002085s ]
ERR: 无法加载模块:Layuiadmin

[ 2019-07-28T13:12:19+08:00 ] ::1 /hqgz3/index.php/layuiadmin/style/admin.css
INFO: [ app_init ] --START--
INFO: Run Behavior\BuildLiteBehavior [ RunTime:0.000021s ]
INFO: [ app_init ] --END-- [ RunTime:0.001488s ]
ERR: 无法加载模块:Layuiadmin

[ 2019-07-28T13:12:19+08:00 ] ::1 /hqgz3/index.php/layuiadmin/layui/css/layui.css
INFO: [ app_init ] --START--
INFO: Run Behavior\BuildLiteBehavior [ RunTime:0.000014s ]
INFO: [ app_init ] --END-- [ RunTime:0.000358s ]
ERR: 无法加载模块:Layuiadmin

[ 2019-07-28T13:12:19+08:00 ] ::1 /hqgz3/index.php/layuiadmin/style/admin.css
INFO: [ app_init ] --START--
INFO: Run Behavior\BuildLiteBehavior [ RunTime:0.000011s ]
INFO: [ app_init ] --END-- [ RunTime:0.000344s ]
ERR: 无法加载模块:Layuiadmin

[ 2019-07-28T13:12:19+08:00 ] ::1 /hqgz3/index.php/layuiadmin/layui/layui.js
INFO: [ app_init ] --START--
INFO: Run Behavior\BuildLiteBehavior [ RunTime:0.000058s ]
INFO: [ app_init ] --END-- [ RunTime:0.001407s ]
ERR: 无法加载模块:Layuiadmin

[ 2019-07-28T13:12:22+08:00 ] ::1 /hqgz3/index.php/layuiadmin/layui/css/layui.css
INFO: [ app_init ] --START--
INFO: Run Behavior\BuildLiteBehavior [ RunTime:0.000013s ]
INFO: [ app_init ] --END-- [ RunTime:0.000342s ]
ERR: 无法加载模块:Layuiadmin

[ 2019-07-28T13:12:22+08:00 ] ::1 /hqgz3/index.php/layuiadmin/layui/layui.js
INFO: [ app_init ] --START--
INFO: Run Behavior\BuildLiteBehavior [ RunTime:0.000015s ]
INFO: [ app_init ] --END-- [ RunTime:0.000359s ]
ERR: 无法加载模块:Layuiadmin

[ 2019-07-28T13:12:22+08:00 ] ::1 /hqgz3/index.php/layuiadmin/style/admin.css
INFO: [ app_init ] --START--
INFO: Run Behavior\BuildLiteBehavior [ RunTime:0.000013s ]
INFO: [ app_init ] --END-- [ RunTime:0.000276s ]
ERR: 无法加载模块:Layuiadmin

[ 2019-07-28T13:12:27+08:00 ] ::1 /hqgz3/index.php/set/user/info.html
INFO: [ app_init ] --START--
INFO: Run Behavior\BuildLiteBehavior [ RunTime:0.000010s ]
INFO: [ app_init ] --END-- [ RunTime:0.000275s ]
ERR: 无法加载模块:Set

[ 2019-07-28T13:12:30+08:00 ] ::1 /hqgz3/index.php/set/user/password.html
INFO: [ app_init ] --START--
INFO: Run Behavior\BuildLiteBehavior [ RunTime:0.000010s ]
INFO: [ app_init ] --END-- [ RunTime:0.000283s ]
ERR: 无法加载模块:Set

[ 2019-07-28T13:19:31+08:00 ] ::1 /hqgz3/index.php/layuiadmin/layui/layui.js
INFO: [ app_init ] --START--
INFO: Run Behavior\BuildLiteBehavior [ RunTime:0.000014s ]
INFO: [ app_init ] --END-- [ RunTime:0.000338s ]
ERR: 无法加载模块:Layuiadmin

[ 2019-07-28T13:19:31+08:00 ] ::1 /hqgz3/index.php/layuiadmin/style/admin.css
INFO: [ app_init ] --START--
INFO: Run Behavior\BuildLiteBehavior [ RunTime:0.000017s ]
INFO: [ app_init ] --END-- [ RunTime:0.001477s ]
ERR: 无法加载模块:Layuiadmin

[ 2019-07-28T13:19:31+08:00 ] ::1 /hqgz3/index.php/layuiadmin/layui/css/layui.css
INFO: [ app_init ] --START--
INFO: Run Behavior\BuildLiteBehavior [ RunTime:0.000013s ]
INFO: [ app_init ] --END-- [ RunTime:0.000537s ]
ERR: 无法加载模块:Layuiadmin

[ 2019-07-28T13:19:34+08:00 ] ::1 /hqgz3/index.php/set/user/info.html
INFO: [ app_init ] --START--
INFO: Run Behavior\BuildLiteBehavior [ RunTime:0.000011s ]
INFO: [ app_init ] --END-- [ RunTime:0.000346s ]
ERR: 无法加载模块:Set

[ 2019-07-28T13:21:00+08:00 ] ::1 /hqgz3/index.php/layuiadmin/layui/css/layui.css
INFO: [ app_init ] --START--
INFO: Run Behavior\BuildLiteBehavior [ RunTime:0.000014s ]
INFO: [ app_init ] --END-- [ RunTime:0.000421s ]
ERR: 无法加载模块:Layuiadmin

[ 2019-07-28T13:21:00+08:00 ] ::1 /hqgz3/index.php/layuiadmin/style/admin.css
INFO: [ app_init ] --START--
INFO: Run Behavior\BuildLiteBehavior [ RunTime:0.000694s ]
INFO: [ app_init ] --END-- [ RunTime:0.001022s ]
ERR: 无法加载模块:Layuiadmin

[ 2019-07-28T13:21:00+08:00 ] ::1 /hqgz3/index.php/layuiadmin/layui/layui.js
INFO: [ app_init ] --START--
INFO: Run Behavior\BuildLiteBehavior [ RunTime:0.000012s ]
INFO: [ app_init ] --END-- [ RunTime:0.000418s ]
ERR: 无法加载模块:Layuiadmin

[ 2019-07-28T13:24:50+08:00 ] ::1 /hqgz3/index.php/layuiadmin/style/admin.css
INFO: [ app_init ] --START--
INFO: Run Behavior\BuildLiteBehavior [ RunTime:0.000023s ]
INFO: [ app_init ] --END-- [ RunTime:0.000393s ]
ERR: 无法加载模块:Layuiadmin

[ 2019-07-28T13:24:50+08:00 ] ::1 /hqgz3/index.php/layuiadmin/layui/css/layui.css
INFO: [ app_init ] --START--
INFO: Run Behavior\BuildLiteBehavior [ RunTime:0.000012s ]
INFO: [ app_init ] --END-- [ RunTime:0.000532s ]
ERR: 无法加载模块:Layuiadmin

[ 2019-07-28T13:24:50+08:00 ] ::1 /hqgz3/index.php/layuiadmin/layui/layui.js
INFO: [ app_init ] --START--
INFO: Run Behavior\BuildLiteBehavior [ RunTime:0.000015s ]
INFO: [ app_init ] --END-- [ RunTime:0.004808s ]
ERR: 无法加载模块:Layuiadmin

[ 2019-07-28T13:24:57+08:00 ] ::1 /hqgz3/index.php/layuiadmin/style/admin.css
INFO: [ app_init ] --START--
INFO: Run Behavior\BuildLiteBehavior [ RunTime:0.000015s ]
INFO: [ app_init ] --END-- [ RunTime:0.000352s ]
ERR: 无法加载模块:Layuiadmin

[ 2019-07-28T13:24:57+08:00 ] ::1 /hqgz3/index.php/layuiadmin/layui/css/layui.css
INFO: [ app_init ] --START--
INFO: Run Behavior\BuildLiteBehavior [ RunTime:0.000012s ]
INFO: [ app_init ] --END-- [ RunTime:0.000528s ]
ERR: 无法加载模块:Layuiadmin

[ 2019-07-28T13:24:57+08:00 ] ::1 /hqgz3/index.php/layuiadmin/layui/layui.js
INFO: [ app_init ] --START--
INFO: Run Behavior\BuildLiteBehavior [ RunTime:0.000011s ]
INFO: [ app_init ] --END-- [ RunTime:0.000349s ]
ERR: 无法加载模块:Layuiadmin

[ 2019-07-28T13:25:00+08:00 ] ::1 /hqgz3/index.php/layuiadmin/layui/css/layui.css
INFO: [ app_init ] --START--
INFO: Run Behavior\BuildLiteBehavior [ RunTime:0.000013s ]
INFO: [ app_init ] --END-- [ RunTime:0.000336s ]
ERR: 无法加载模块:Layuiadmin

[ 2019-07-28T13:25:00+08:00 ] ::1 /hqgz3/index.php/layuiadmin/layui/layui.js
INFO: [ app_init ] --START--
INFO: Run Behavior\BuildLiteBehavior [ RunTime:0.000012s ]
INFO: [ app_init ] --END-- [ RunTime:0.001174s ]
ERR: 无法加载模块:Layuiadmin

[ 2019-07-28T13:25:00+08:00 ] ::1 /hqgz3/index.php/layuiadmin/style/admin.css
INFO: [ app_init ] --START--
INFO: Run Behavior\BuildLiteBehavior [ RunTime:0.000012s ]
INFO: [ app_init ] --END-- [ RunTime:0.000417s ]
ERR: 无法加载模块:Layuiadmin

[ 2019-07-28T13:25:08+08:00 ] ::1 /hqgz3/index.php/layuiadmin/layui/css/layui.css
INFO: [ app_init ] --START--
INFO: Run Behavior\BuildLiteBehavior [ RunTime:0.000015s ]
INFO: [ app_init ] --END-- [ RunTime:0.000356s ]
ERR: 无法加载模块:Layuiadmin

[ 2019-07-28T13:25:08+08:00 ] ::1 /hqgz3/index.php/layuiadmin/style/admin.css
INFO: [ app_init ] --START--
INFO: Run Behavior\BuildLiteBehavior [ RunTime:0.000014s ]
INFO: [ app_init ] --END-- [ RunTime:0.000372s ]
ERR: 无法加载模块:Layuiadmin

[ 2019-07-28T13:25:08+08:00 ] ::1 /hqgz3/index.php/layuiadmin/layui/layui.js
INFO: [ app_init ] --START--
INFO: Run Behavior\BuildLiteBehavior [ RunTime:0.000010s ]
INFO: [ app_init ] --END-- [ RunTime:0.000284s ]
ERR: 无法加载模块:Layuiadmin

[ 2019-07-28T13:27:25+08:00 ] ::1 /hqgz3/index.php/user/login.html
INFO: [ app_init ] --START--
INFO: Run Behavior\BuildLiteBehavior [ RunTime:0.000014s ]
INFO: [ app_init ] --END-- [ RunTime:0.000431s ]
ERR: 无法加载模块:User

[ 2019-07-28T13:27:33+08:00 ] ::1 /hqgz3/index.php/user/login.html
INFO: [ app_init ] --START--
INFO: Run Behavior\BuildLiteBehavior [ RunTime:0.000011s ]
INFO: [ app_init ] --END-- [ RunTime:0.000358s ]
ERR: 无法加载模块:User

[ 2019-07-28T13:28:37+08:00 ] ::1 /hqgz3/index.php/user/login.html
INFO: [ app_init ] --START--
INFO: Run Behavior\BuildLiteBehavior [ RunTime:0.000014s ]
INFO: [ app_init ] --END-- [ RunTime:0.000402s ]
ERR: 无法加载模块:User

