[ 2019-09-18T00:00:16+08:00 ] ::1 /hqgz3/index.php/Adminmanage/Management/Index.html
INFO: [ app_init ] --START--
INFO: Run Behavior\BuildLiteBehavior [ RunTime:0.000025s ]
INFO: [ app_init ] --END-- [ RunTime:0.001222s ]
INFO: [ app_begin ] --START--
INFO: Run Behavior\ReadHtmlCacheBehavior [ RunTime:0.001006s ]
INFO: [ app_begin ] --END-- [ RunTime:0.001079s ]
INFO: [ view_parse ] --START--
INFO: [ template_filter ] --START--
INFO: Run Behavior\ContentReplaceBehavior [ RunTime:0.000075s ]
INFO: [ template_filter ] --END-- [ RunTime:0.000124s ]
INFO: Run Behavior\ParseTemplateBehavior [ RunTime:0.014108s ]
INFO: [ view_parse ] --END-- [ RunTime:0.014176s ]
INFO: [ view_filter ] --START--
INFO: Run Behavior\WriteHtmlCacheBehavior [ RunTime:0.000603s ]
INFO: [ view_filter ] --END-- [ RunTime:0.000646s ]
INFO: [ app_end ] --START--
INFO: Run Behavior\ShowPageTraceBehavior [ RunTime:0.000972s ]
INFO: [ app_end ] --END-- [ RunTime:0.001010s ]

[ 2019-09-18T00:00:16+08:00 ] ::1 /hqgz3/index.php/Adminmanage/Management/Console.html
INFO: [ app_init ] --START--
INFO: Run Behavior\BuildLiteBehavior [ RunTime:0.000015s ]
INFO: [ app_init ] --END-- [ RunTime:0.000384s ]
INFO: [ app_begin ] --START--
INFO: Run Behavior\ReadHtmlCacheBehavior [ RunTime:0.000436s ]
INFO: [ app_begin ] --END-- [ RunTime:0.001547s ]
INFO: [ view_parse ] --START--
INFO: [ template_filter ] --START--
INFO: Run Behavior\ContentReplaceBehavior [ RunTime:0.000061s ]
INFO: [ template_filter ] --END-- [ RunTime:0.000109s ]
INFO: Run Behavior\ParseTemplateBehavior [ RunTime:0.010035s ]
INFO: [ view_parse ] --END-- [ RunTime:0.010078s ]
INFO: [ view_filter ] --START--
INFO: Run Behavior\WriteHtmlCacheBehavior [ RunTime:0.000177s ]
INFO: [ view_filter ] --END-- [ RunTime:0.000204s ]
INFO: [ app_end ] --START--
INFO: Run Behavior\ShowPageTraceBehavior [ RunTime:0.000560s ]
INFO: [ app_end ] --END-- [ RunTime:0.000590s ]

[ 2019-09-18T00:00:17+08:00 ] ::1 /hqgz3/index.php/Adminmanage/Management/Query1.html
INFO: [ app_init ] --START--
INFO: Run Behavior\BuildLiteBehavior [ RunTime:0.000015s ]
INFO: [ app_init ] --END-- [ RunTime:0.000403s ]
INFO: [ app_begin ] --START--
INFO: Run Behavior\ReadHtmlCacheBehavior [ RunTime:0.000532s ]
INFO: [ app_begin ] --END-- [ RunTime:0.000573s ]
SQL: SHOW COLUMNS FROM `gz_accounts` [ RunTime:0.0015s ]
SQL: SELECT `部门名称` FROM `gz_accounts` GROUP BY 部门名称 ORDER BY 部门名称 asc  [ RunTime:0.0009s ]
SQL: SHOW COLUMNS FROM `gz_management` [ RunTime:0.0008s ]
SQL: SELECT `年份`,`月份` FROM `gz_management` GROUP BY 年份,月份 ORDER BY 年份 desc,月份 desc  [ RunTime:0.0008s ]
INFO: [ view_parse ] --START--
INFO: [ template_filter ] --START--
INFO: Run Behavior\ContentReplaceBehavior [ RunTime:0.000075s ]
INFO: [ template_filter ] --END-- [ RunTime:0.000129s ]
NOTIC: [8] Undefined variable: result_value /Users/zhangping/PhpstormProjects/hqgz2/hqgz3/Application/Runtime/Cache/Adminmanage/5cc1dfbbbd6d21db6ac9b38ec2251586.php 第 38 行.
NOTIC: [8] Undefined variable: result_value /Users/zhangping/PhpstormProjects/hqgz2/hqgz3/Application/Runtime/Cache/Adminmanage/5cc1dfbbbd6d21db6ac9b38ec2251586.php 第 38 行.
INFO: Run Behavior\ParseTemplateBehavior [ RunTime:0.015481s ]
INFO: [ view_parse ] --END-- [ RunTime:0.015522s ]
INFO: [ view_filter ] --START--
INFO: Run Behavior\WriteHtmlCacheBehavior [ RunTime:0.000229s ]
INFO: [ view_filter ] --END-- [ RunTime:0.000264s ]
INFO: [ app_end ] --START--
INFO: Run Behavior\ShowPageTraceBehavior [ RunTime:0.002080s ]
INFO: [ app_end ] --END-- [ RunTime:0.002156s ]

[ 2019-09-18T00:00:17+08:00 ] ::1 /hqgz3/index.php/Adminmanage/Management/Managementlist.html?page=1&limit=40&dept=all
INFO: [ app_init ] --START--
INFO: Run Behavior\BuildLiteBehavior [ RunTime:0.000011s ]
INFO: [ app_init ] --END-- [ RunTime:0.000289s ]
INFO: [ app_begin ] --START--
INFO: Run Behavior\ReadHtmlCacheBehavior [ RunTime:0.000421s ]
INFO: [ app_begin ] --END-- [ RunTime:0.000445s ]
SQL: SHOW COLUMNS FROM `gz_management` [ RunTime:0.0006s ]
SQL: SELECT * FROM `gz_management` WHERE `年份` = '2019' ORDER BY 月份 desc LIMIT 0,40   [ RunTime:0.0014s ]
SQL: SELECT COUNT(*) AS tp_count FROM `gz_management` WHERE `年份` = '2019' LIMIT 1   [ RunTime:0.0004s ]

[ 2019-09-18T00:00:19+08:00 ] ::1 /hqgz3/index.php/Adminmanage/Management/Userdetail?idcard=321119197408152618&year=2019&month=07
INFO: [ app_init ] --START--
INFO: Run Behavior\BuildLiteBehavior [ RunTime:0.000015s ]
INFO: [ app_init ] --END-- [ RunTime:0.000413s ]
INFO: [ app_begin ] --START--
INFO: Run Behavior\ReadHtmlCacheBehavior [ RunTime:0.001262s ]
INFO: [ app_begin ] --END-- [ RunTime:0.001322s ]
SQL: SHOW COLUMNS FROM `gz_management` [ RunTime:0.0011s ]
SQL: SELECT * FROM `gz_management` WHERE `身份证号` = '321119197408152618' AND `年份` = '2019' AND `月份` = '07' LIMIT 1   [ RunTime:0.0011s ]
NOTIC: [8] Undefined variable: result_dates /Users/zhangping/PhpstormProjects/hqgz2/hqgz3/Application/Adminmanage/Controller/ManagementController.class.php 第 204 行.
INFO: [ view_parse ] --START--
INFO: [ template_filter ] --START--
INFO: Run Behavior\ContentReplaceBehavior [ RunTime:0.000070s ]
INFO: [ template_filter ] --END-- [ RunTime:0.000119s ]
INFO: Run Behavior\ParseTemplateBehavior [ RunTime:0.021192s ]
INFO: [ view_parse ] --END-- [ RunTime:0.021402s ]
INFO: [ view_filter ] --START--
INFO: Run Behavior\WriteHtmlCacheBehavior [ RunTime:0.000256s ]
INFO: [ view_filter ] --END-- [ RunTime:0.000286s ]
INFO: [ app_end ] --START--
INFO: Run Behavior\ShowPageTraceBehavior [ RunTime:0.007879s ]
INFO: [ app_end ] --END-- [ RunTime:0.007940s ]

[ 2019-09-18T00:00:28+08:00 ] ::1 /hqgz3/index.php/Adminmanage/Management/Userdetail?idcard=321102198404110418&year=2019&month=07
INFO: [ app_init ] --START--
INFO: Run Behavior\BuildLiteBehavior [ RunTime:0.000020s ]
INFO: [ app_init ] --END-- [ RunTime:0.001122s ]
INFO: [ app_begin ] --START--
INFO: Run Behavior\ReadHtmlCacheBehavior [ RunTime:0.000881s ]
INFO: [ app_begin ] --END-- [ RunTime:0.000942s ]
SQL: SHOW COLUMNS FROM `gz_management` [ RunTime:0.0008s ]
SQL: SELECT * FROM `gz_management` WHERE `身份证号` = '321102198404110418' AND `年份` = '2019' AND `月份` = '07' LIMIT 1   [ RunTime:0.0009s ]
NOTIC: [8] Undefined variable: result_dates /Users/zhangping/PhpstormProjects/hqgz2/hqgz3/Application/Adminmanage/Controller/ManagementController.class.php 第 204 行.
INFO: [ view_parse ] --START--
INFO: [ template_filter ] --START--
INFO: Run Behavior\ContentReplaceBehavior [ RunTime:0.000081s ]
INFO: [ template_filter ] --END-- [ RunTime:0.000129s ]
INFO: Run Behavior\ParseTemplateBehavior [ RunTime:0.017205s ]
INFO: [ view_parse ] --END-- [ RunTime:0.017241s ]
INFO: [ view_filter ] --START--
INFO: Run Behavior\WriteHtmlCacheBehavior [ RunTime:0.000160s ]
INFO: [ view_filter ] --END-- [ RunTime:0.000181s ]
INFO: [ app_end ] --START--
INFO: Run Behavior\ShowPageTraceBehavior [ RunTime:0.001677s ]
INFO: [ app_end ] --END-- [ RunTime:0.001798s ]

[ 2019-09-18T00:03:52+08:00 ] ::1 /hqgz3/index.php/Adminmanage/Management/Index.html
INFO: [ app_init ] --START--
INFO: Run Behavior\BuildLiteBehavior [ RunTime:0.000017s ]
INFO: [ app_init ] --END-- [ RunTime:0.000935s ]
INFO: [ app_begin ] --START--
INFO: Run Behavior\ReadHtmlCacheBehavior [ RunTime:0.000837s ]
INFO: [ app_begin ] --END-- [ RunTime:0.000900s ]
INFO: [ view_parse ] --START--
INFO: [ template_filter ] --START--
INFO: Run Behavior\ContentReplaceBehavior [ RunTime:0.000084s ]
INFO: [ template_filter ] --END-- [ RunTime:0.000136s ]
INFO: Run Behavior\ParseTemplateBehavior [ RunTime:0.017530s ]
INFO: [ view_parse ] --END-- [ RunTime:0.017577s ]
INFO: [ view_filter ] --START--
INFO: Run Behavior\WriteHtmlCacheBehavior [ RunTime:0.000604s ]
INFO: [ view_filter ] --END-- [ RunTime:0.000671s ]
INFO: [ app_end ] --START--
INFO: Run Behavior\ShowPageTraceBehavior [ RunTime:0.001264s ]
INFO: [ app_end ] --END-- [ RunTime:0.001308s ]

[ 2019-09-18T00:03:52+08:00 ] ::1 /hqgz3/index.php/Adminmanage/Management/Console.html
INFO: [ app_init ] --START--
INFO: Run Behavior\BuildLiteBehavior [ RunTime:0.000013s ]
INFO: [ app_init ] --END-- [ RunTime:0.000354s ]
INFO: [ app_begin ] --START--
INFO: Run Behavior\ReadHtmlCacheBehavior [ RunTime:0.000624s ]
INFO: [ app_begin ] --END-- [ RunTime:0.000669s ]
INFO: [ view_parse ] --START--
INFO: [ template_filter ] --START--
INFO: Run Behavior\ContentReplaceBehavior [ RunTime:0.000053s ]
INFO: [ template_filter ] --END-- [ RunTime:0.000586s ]
INFO: Run Behavior\ParseTemplateBehavior [ RunTime:0.017399s ]
INFO: [ view_parse ] --END-- [ RunTime:0.017443s ]
INFO: [ view_filter ] --START--
INFO: Run Behavior\WriteHtmlCacheBehavior [ RunTime:0.000177s ]
INFO: [ view_filter ] --END-- [ RunTime:0.000204s ]
INFO: [ app_end ] --START--
INFO: Run Behavior\ShowPageTraceBehavior [ RunTime:0.000562s ]
INFO: [ app_end ] --END-- [ RunTime:0.000592s ]

[ 2019-09-18T00:03:53+08:00 ] ::1 /hqgz3/index.php/Adminmanage/Management/Query1.html
INFO: [ app_init ] --START--
INFO: Run Behavior\BuildLiteBehavior [ RunTime:0.000021s ]
INFO: [ app_init ] --END-- [ RunTime:0.000492s ]
INFO: [ app_begin ] --START--
INFO: Run Behavior\ReadHtmlCacheBehavior [ RunTime:0.000763s ]
INFO: [ app_begin ] --END-- [ RunTime:0.000814s ]
SQL: SHOW COLUMNS FROM `gz_accounts` [ RunTime:0.0027s ]
SQL: SELECT `部门名称` FROM `gz_accounts` GROUP BY 部门名称 ORDER BY 部门名称 asc  [ RunTime:0.0026s ]
SQL: SHOW COLUMNS FROM `gz_management` [ RunTime:0.0011s ]
SQL: SELECT `年份`,`月份` FROM `gz_management` GROUP BY 年份,月份 ORDER BY 年份 desc,月份 desc  [ RunTime:0.0010s ]
INFO: [ view_parse ] --START--
INFO: [ template_filter ] --START--
INFO: Run Behavior\ContentReplaceBehavior [ RunTime:0.000075s ]
INFO: [ template_filter ] --END-- [ RunTime:0.000124s ]
NOTIC: [8] Undefined variable: result_value /Users/zhangping/PhpstormProjects/hqgz2/hqgz3/Application/Runtime/Cache/Adminmanage/5cc1dfbbbd6d21db6ac9b38ec2251586.php 第 38 行.
NOTIC: [8] Undefined variable: result_value /Users/zhangping/PhpstormProjects/hqgz2/hqgz3/Application/Runtime/Cache/Adminmanage/5cc1dfbbbd6d21db6ac9b38ec2251586.php 第 38 行.
INFO: Run Behavior\ParseTemplateBehavior [ RunTime:0.014654s ]
INFO: [ view_parse ] --END-- [ RunTime:0.014697s ]
INFO: [ view_filter ] --START--
INFO: Run Behavior\WriteHtmlCacheBehavior [ RunTime:0.000293s ]
INFO: [ view_filter ] --END-- [ RunTime:0.000341s ]
INFO: [ app_end ] --START--
INFO: Run Behavior\ShowPageTraceBehavior [ RunTime:0.001176s ]
INFO: [ app_end ] --END-- [ RunTime:0.001239s ]

[ 2019-09-18T00:03:54+08:00 ] ::1 /hqgz3/index.php/Adminmanage/Management/Managementlist.html?page=1&limit=40&dept=all
INFO: [ app_init ] --START--
INFO: Run Behavior\BuildLiteBehavior [ RunTime:0.000016s ]
INFO: [ app_init ] --END-- [ RunTime:0.003939s ]
INFO: [ app_begin ] --START--
INFO: Run Behavior\ReadHtmlCacheBehavior [ RunTime:0.000425s ]
INFO: [ app_begin ] --END-- [ RunTime:0.000457s ]
SQL: SHOW COLUMNS FROM `gz_management` [ RunTime:0.0009s ]
SQL: SELECT * FROM `gz_management` WHERE `年份` = '2019' ORDER BY 月份 desc LIMIT 0,40   [ RunTime:0.0019s ]
SQL: SELECT COUNT(*) AS tp_count FROM `gz_management` WHERE `年份` = '2019' LIMIT 1   [ RunTime:0.0005s ]

[ 2019-09-18T00:03:55+08:00 ] ::1 /hqgz3/index.php/Adminmanage/Management/Userdetail?idcard=321111196811041218&year=2019&month=07
INFO: [ app_init ] --START--
INFO: Run Behavior\BuildLiteBehavior [ RunTime:0.000014s ]
INFO: [ app_init ] --END-- [ RunTime:0.000453s ]
INFO: [ app_begin ] --START--
INFO: Run Behavior\ReadHtmlCacheBehavior [ RunTime:0.000573s ]
INFO: [ app_begin ] --END-- [ RunTime:0.000691s ]
SQL: SHOW COLUMNS FROM `gz_management` [ RunTime:0.0031s ]
SQL: SELECT * FROM `gz_management` WHERE `身份证号` = '321111196811041218' AND `年份` = '2019' AND `月份` = '07' LIMIT 1   [ RunTime:0.0035s ]
NOTIC: [8] Undefined variable: result_dates /Users/zhangping/PhpstormProjects/hqgz2/hqgz3/Application/Adminmanage/Controller/ManagementController.class.php 第 204 行.
INFO: [ view_parse ] --START--
INFO: [ template_filter ] --START--
INFO: Run Behavior\ContentReplaceBehavior [ RunTime:0.000064s ]
INFO: [ template_filter ] --END-- [ RunTime:0.000113s ]
INFO: Run Behavior\ParseTemplateBehavior [ RunTime:0.013462s ]
INFO: [ view_parse ] --END-- [ RunTime:0.013506s ]
INFO: [ view_filter ] --START--
INFO: Run Behavior\WriteHtmlCacheBehavior [ RunTime:0.000196s ]
INFO: [ view_filter ] --END-- [ RunTime:0.000224s ]
INFO: [ app_end ] --START--
INFO: Run Behavior\ShowPageTraceBehavior [ RunTime:0.004384s ]
INFO: [ app_end ] --END-- [ RunTime:0.004679s ]

[ 2019-09-18T00:04:02+08:00 ] ::1 /hqgz3/index.php/Adminmanage/Management/Userdetail?idcard=321102197912020414&year=2019&month=07
INFO: [ app_init ] --START--
INFO: Run Behavior\BuildLiteBehavior [ RunTime:0.000012s ]
INFO: [ app_init ] --END-- [ RunTime:0.000578s ]
INFO: [ app_begin ] --START--
INFO: Run Behavior\ReadHtmlCacheBehavior [ RunTime:0.000890s ]
INFO: [ app_begin ] --END-- [ RunTime:0.000959s ]
SQL: SHOW COLUMNS FROM `gz_management` [ RunTime:0.0008s ]
SQL: SELECT * FROM `gz_management` WHERE `身份证号` = '321102197912020414' AND `年份` = '2019' AND `月份` = '07' LIMIT 1   [ RunTime:0.0008s ]
NOTIC: [8] Undefined variable: result_dates /Users/zhangping/PhpstormProjects/hqgz2/hqgz3/Application/Adminmanage/Controller/ManagementController.class.php 第 204 行.
INFO: [ view_parse ] --START--
INFO: [ template_filter ] --START--
INFO: Run Behavior\ContentReplaceBehavior [ RunTime:0.000089s ]
INFO: [ template_filter ] --END-- [ RunTime:0.000150s ]
INFO: Run Behavior\ParseTemplateBehavior [ RunTime:0.019649s ]
INFO: [ view_parse ] --END-- [ RunTime:0.019688s ]
INFO: [ view_filter ] --START--
INFO: Run Behavior\WriteHtmlCacheBehavior [ RunTime:0.000204s ]
INFO: [ view_filter ] --END-- [ RunTime:0.000231s ]
INFO: [ app_end ] --START--
INFO: Run Behavior\ShowPageTraceBehavior [ RunTime:0.002047s ]
INFO: [ app_end ] --END-- [ RunTime:0.002107s ]

[ 2019-09-18T00:05:10+08:00 ] ::1 /hqgz3/index.php/Adminmanage/Management/Index.html
INFO: [ app_init ] --START--
INFO: Run Behavior\BuildLiteBehavior [ RunTime:0.000019s ]
INFO: [ app_init ] --END-- [ RunTime:0.000733s ]
INFO: [ app_begin ] --START--
INFO: Run Behavior\ReadHtmlCacheBehavior [ RunTime:0.000839s ]
INFO: [ app_begin ] --END-- [ RunTime:0.000885s ]
INFO: [ view_parse ] --START--
INFO: [ template_filter ] --START--
INFO: Run Behavior\ContentReplaceBehavior [ RunTime:0.000098s ]
INFO: [ template_filter ] --END-- [ RunTime:0.000171s ]
INFO: Run Behavior\ParseTemplateBehavior [ RunTime:0.015252s ]
INFO: [ view_parse ] --END-- [ RunTime:0.015315s ]
INFO: [ view_filter ] --START--
INFO: Run Behavior\WriteHtmlCacheBehavior [ RunTime:0.000742s ]
INFO: [ view_filter ] --END-- [ RunTime:0.000794s ]
INFO: [ app_end ] --START--
INFO: Run Behavior\ShowPageTraceBehavior [ RunTime:0.001080s ]
INFO: [ app_end ] --END-- [ RunTime:0.001123s ]

[ 2019-09-18T00:05:10+08:00 ] ::1 /hqgz3/index.php/Adminmanage/Management/Console.html
INFO: [ app_init ] --START--
INFO: Run Behavior\BuildLiteBehavior [ RunTime:0.000016s ]
INFO: [ app_init ] --END-- [ RunTime:0.000679s ]
INFO: [ app_begin ] --START--
INFO: Run Behavior\ReadHtmlCacheBehavior [ RunTime:0.000580s ]
INFO: [ app_begin ] --END-- [ RunTime:0.000621s ]
INFO: [ view_parse ] --START--
INFO: [ template_filter ] --START--
INFO: Run Behavior\ContentReplaceBehavior [ RunTime:0.000054s ]
INFO: [ template_filter ] --END-- [ RunTime:0.000106s ]
INFO: Run Behavior\ParseTemplateBehavior [ RunTime:0.011127s ]
INFO: [ view_parse ] --END-- [ RunTime:0.011167s ]
INFO: [ view_filter ] --START--
INFO: Run Behavior\WriteHtmlCacheBehavior [ RunTime:0.000182s ]
INFO: [ view_filter ] --END-- [ RunTime:0.000229s ]
INFO: [ app_end ] --START--
INFO: Run Behavior\ShowPageTraceBehavior [ RunTime:0.000723s ]
INFO: [ app_end ] --END-- [ RunTime:0.000759s ]

[ 2019-09-18T00:05:12+08:00 ] ::1 /hqgz3/index.php/Adminmanage/Management/Query1.html
INFO: [ app_init ] --START--
INFO: Run Behavior\BuildLiteBehavior [ RunTime:0.000011s ]
INFO: [ app_init ] --END-- [ RunTime:0.000338s ]
INFO: [ app_begin ] --START--
INFO: Run Behavior\ReadHtmlCacheBehavior [ RunTime:0.000436s ]
INFO: [ app_begin ] --END-- [ RunTime:0.000469s ]
SQL: SHOW COLUMNS FROM `gz_accounts` [ RunTime:0.0034s ]
SQL: SELECT `部门名称` FROM `gz_accounts` GROUP BY 部门名称 ORDER BY 部门名称 asc  [ RunTime:0.0010s ]
SQL: SHOW COLUMNS FROM `gz_management` [ RunTime:0.0012s ]
SQL: SELECT `年份`,`月份` FROM `gz_management` GROUP BY 年份,月份 ORDER BY 年份 desc,月份 desc  [ RunTime:0.0006s ]
INFO: [ view_parse ] --START--
INFO: [ template_filter ] --START--
INFO: Run Behavior\ContentReplaceBehavior [ RunTime:0.000092s ]
INFO: [ template_filter ] --END-- [ RunTime:0.000144s ]
NOTIC: [8] Undefined variable: result_value /Users/zhangping/PhpstormProjects/hqgz2/hqgz3/Application/Runtime/Cache/Adminmanage/5cc1dfbbbd6d21db6ac9b38ec2251586.php 第 38 行.
NOTIC: [8] Undefined variable: result_value /Users/zhangping/PhpstormProjects/hqgz2/hqgz3/Application/Runtime/Cache/Adminmanage/5cc1dfbbbd6d21db6ac9b38ec2251586.php 第 38 行.
INFO: Run Behavior\ParseTemplateBehavior [ RunTime:0.010793s ]
INFO: [ view_parse ] --END-- [ RunTime:0.010861s ]
INFO: [ view_filter ] --START--
INFO: Run Behavior\WriteHtmlCacheBehavior [ RunTime:0.000256s ]
INFO: [ view_filter ] --END-- [ RunTime:0.000298s ]
INFO: [ app_end ] --START--
INFO: Run Behavior\ShowPageTraceBehavior [ RunTime:0.003907s ]
INFO: [ app_end ] --END-- [ RunTime:0.003971s ]

[ 2019-09-18T00:05:12+08:00 ] ::1 /hqgz3/index.php/Adminmanage/Management/Managementlist.html?page=1&limit=40&dept=all
INFO: [ app_init ] --START--
INFO: Run Behavior\BuildLiteBehavior [ RunTime:0.000016s ]
INFO: [ app_init ] --END-- [ RunTime:0.000525s ]
INFO: [ app_begin ] --START--
INFO: Run Behavior\ReadHtmlCacheBehavior [ RunTime:0.002057s ]
INFO: [ app_begin ] --END-- [ RunTime:0.002120s ]
SQL: SHOW COLUMNS FROM `gz_management` [ RunTime:0.0006s ]
SQL: SELECT * FROM `gz_management` WHERE `年份` = '2019' ORDER BY 月份 desc LIMIT 0,40   [ RunTime:0.0014s ]
SQL: SELECT COUNT(*) AS tp_count FROM `gz_management` WHERE `年份` = '2019' LIMIT 1   [ RunTime:0.0024s ]

[ 2019-09-18T00:05:13+08:00 ] ::1 /hqgz3/index.php/Adminmanage/Management/Userdetail?idcard=321181197605265468&year=2019&month=07
INFO: [ app_init ] --START--
INFO: Run Behavior\BuildLiteBehavior [ RunTime:0.000015s ]
INFO: [ app_init ] --END-- [ RunTime:0.000446s ]
INFO: [ app_begin ] --START--
INFO: Run Behavior\ReadHtmlCacheBehavior [ RunTime:0.000529s ]
INFO: [ app_begin ] --END-- [ RunTime:0.000557s ]
SQL: SHOW COLUMNS FROM `gz_management` [ RunTime:0.0009s ]
SQL: SELECT * FROM `gz_management` WHERE `身份证号` = '321181197605265468' AND `年份` = '2019' AND `月份` = '07' LIMIT 1   [ RunTime:0.0008s ]
NOTIC: [8] Undefined variable: result_dates /Users/zhangping/PhpstormProjects/hqgz2/hqgz3/Application/Adminmanage/Controller/ManagementController.class.php 第 204 行.
INFO: [ view_parse ] --START--
INFO: [ template_filter ] --START--
INFO: Run Behavior\ContentReplaceBehavior [ RunTime:0.000084s ]
INFO: [ template_filter ] --END-- [ RunTime:0.000156s ]
INFO: Run Behavior\ParseTemplateBehavior [ RunTime:0.016915s ]
INFO: [ view_parse ] --END-- [ RunTime:0.016963s ]
INFO: [ view_filter ] --START--
INFO: Run Behavior\WriteHtmlCacheBehavior [ RunTime:0.000263s ]
INFO: [ view_filter ] --END-- [ RunTime:0.000340s ]
INFO: [ app_end ] --START--
INFO: Run Behavior\ShowPageTraceBehavior [ RunTime:0.000773s ]
INFO: [ app_end ] --END-- [ RunTime:0.000850s ]

[ 2019-09-18T00:05:27+08:00 ] ::1 /hqgz3/index.php/Adminmanage/Management/Userdetail?idcard=32032419811225651X&year=2019&month=07
INFO: [ app_init ] --START--
INFO: Run Behavior\BuildLiteBehavior [ RunTime:0.000011s ]
INFO: [ app_init ] --END-- [ RunTime:0.000368s ]
INFO: [ app_begin ] --START--
INFO: Run Behavior\ReadHtmlCacheBehavior [ RunTime:0.000691s ]
INFO: [ app_begin ] --END-- [ RunTime:0.000738s ]
SQL: SHOW COLUMNS FROM `gz_management` [ RunTime:0.0011s ]
SQL: SELECT * FROM `gz_management` WHERE `身份证号` = '32032419811225651X' AND `年份` = '2019' AND `月份` = '07' LIMIT 1   [ RunTime:0.0009s ]
NOTIC: [8] Undefined variable: result_dates /Users/zhangping/PhpstormProjects/hqgz2/hqgz3/Application/Adminmanage/Controller/ManagementController.class.php 第 204 行.
INFO: [ view_parse ] --START--
INFO: [ template_filter ] --START--
INFO: Run Behavior\ContentReplaceBehavior [ RunTime:0.000079s ]
INFO: [ template_filter ] --END-- [ RunTime:0.000137s ]
INFO: Run Behavior\ParseTemplateBehavior [ RunTime:0.017751s ]
INFO: [ view_parse ] --END-- [ RunTime:0.017799s ]
INFO: [ view_filter ] --START--
INFO: Run Behavior\WriteHtmlCacheBehavior [ RunTime:0.000266s ]
INFO: [ view_filter ] --END-- [ RunTime:0.000306s ]
INFO: [ app_end ] --START--
INFO: Run Behavior\ShowPageTraceBehavior [ RunTime:0.000764s ]
INFO: [ app_end ] --END-- [ RunTime:0.000838s ]

[ 2019-09-18T00:08:15+08:00 ] ::1 /hqgz3/index.php/Adminmanage/Management/Index.html
INFO: [ app_init ] --START--
INFO: Run Behavior\BuildLiteBehavior [ RunTime:0.000014s ]
INFO: [ app_init ] --END-- [ RunTime:0.000811s ]
INFO: [ app_begin ] --START--
INFO: Run Behavior\ReadHtmlCacheBehavior [ RunTime:0.001522s ]
INFO: [ app_begin ] --END-- [ RunTime:0.001612s ]

[ 2019-09-18T00:08:15+08:00 ] ::1 /hqgz3/index.php/Adminmanage/Index/Index.html
INFO: [ app_init ] --START--
INFO: Run Behavior\BuildLiteBehavior [ RunTime:0.000011s ]
INFO: [ app_init ] --END-- [ RunTime:0.000367s ]
INFO: [ app_begin ] --START--
INFO: Run Behavior\ReadHtmlCacheBehavior [ RunTime:0.000608s ]
INFO: [ app_begin ] --END-- [ RunTime:0.000664s ]
INFO: [ view_parse ] --START--
INFO: [ template_filter ] --START--
INFO: Run Behavior\ContentReplaceBehavior [ RunTime:0.000083s ]
INFO: [ template_filter ] --END-- [ RunTime:0.000144s ]
INFO: Run Behavior\ParseTemplateBehavior [ RunTime:0.011288s ]
INFO: [ view_parse ] --END-- [ RunTime:0.011336s ]
INFO: [ view_filter ] --START--
INFO: Run Behavior\WriteHtmlCacheBehavior [ RunTime:0.000624s ]
INFO: [ view_filter ] --END-- [ RunTime:0.000686s ]
INFO: [ app_end ] --START--
INFO: Run Behavior\ShowPageTraceBehavior [ RunTime:0.001158s ]
INFO: [ app_end ] --END-- [ RunTime:0.001215s ]

[ 2019-09-18T00:08:23+08:00 ] ::1 /hqgz3/index.php/Adminmanage/Index/Logincheck.html
INFO: [ app_init ] --START--
INFO: Run Behavior\BuildLiteBehavior [ RunTime:0.000016s ]
INFO: [ app_init ] --END-- [ RunTime:0.000583s ]
INFO: [ app_begin ] --START--
INFO: Run Behavior\ReadHtmlCacheBehavior [ RunTime:0.000898s ]
INFO: [ app_begin ] --END-- [ RunTime:0.000952s ]
SQL: SHOW COLUMNS FROM `gz_accounts` [ RunTime:0.0006s ]
SQL: SELECT * FROM `gz_accounts` WHERE `身份证号` = '321111198004142919' AND `密码` = '142919' AND `权限` = 1 LIMIT 1   [ RunTime:0.0013s ]

[ 2019-09-18T00:08:25+08:00 ] ::1 /hqgz3/index.php/Adminmanage/Management/Index.html
INFO: [ app_init ] --START--
INFO: Run Behavior\BuildLiteBehavior [ RunTime:0.000016s ]
INFO: [ app_init ] --END-- [ RunTime:0.000468s ]
INFO: [ app_begin ] --START--
INFO: Run Behavior\ReadHtmlCacheBehavior [ RunTime:0.000525s ]
INFO: [ app_begin ] --END-- [ RunTime:0.000567s ]
INFO: [ view_parse ] --START--
INFO: [ template_filter ] --START--
INFO: Run Behavior\ContentReplaceBehavior [ RunTime:0.000070s ]
INFO: [ template_filter ] --END-- [ RunTime:0.000130s ]
INFO: Run Behavior\ParseTemplateBehavior [ RunTime:0.022355s ]
INFO: [ view_parse ] --END-- [ RunTime:0.022399s ]
INFO: [ view_filter ] --START--
INFO: Run Behavior\WriteHtmlCacheBehavior [ RunTime:0.000550s ]
INFO: [ view_filter ] --END-- [ RunTime:0.000598s ]
INFO: [ app_end ] --START--
INFO: Run Behavior\ShowPageTraceBehavior [ RunTime:0.002329s ]
INFO: [ app_end ] --END-- [ RunTime:0.002377s ]

[ 2019-09-18T00:08:25+08:00 ] ::1 /hqgz3/index.php/Adminmanage/Management/Console.html
INFO: [ app_init ] --START--
INFO: Run Behavior\BuildLiteBehavior [ RunTime:0.000015s ]
INFO: [ app_init ] --END-- [ RunTime:0.000453s ]
INFO: [ app_begin ] --START--
INFO: Run Behavior\ReadHtmlCacheBehavior [ RunTime:0.000602s ]
INFO: [ app_begin ] --END-- [ RunTime:0.000645s ]
INFO: [ view_parse ] --START--
INFO: [ template_filter ] --START--
INFO: Run Behavior\ContentReplaceBehavior [ RunTime:0.000228s ]
INFO: [ template_filter ] --END-- [ RunTime:0.000292s ]
INFO: Run Behavior\ParseTemplateBehavior [ RunTime:0.008315s ]
INFO: [ view_parse ] --END-- [ RunTime:0.008370s ]
INFO: [ view_filter ] --START--
INFO: Run Behavior\WriteHtmlCacheBehavior [ RunTime:0.000248s ]
INFO: [ view_filter ] --END-- [ RunTime:0.000288s ]
INFO: [ app_end ] --START--
INFO: Run Behavior\ShowPageTraceBehavior [ RunTime:0.000756s ]
INFO: [ app_end ] --END-- [ RunTime:0.000798s ]

[ 2019-09-18T00:08:27+08:00 ] ::1 /hqgz3/index.php/Adminmanage/Management/Query1.html
INFO: [ app_init ] --START--
INFO: Run Behavior\BuildLiteBehavior [ RunTime:0.000010s ]
INFO: [ app_init ] --END-- [ RunTime:0.000375s ]
INFO: [ app_begin ] --START--
INFO: Run Behavior\ReadHtmlCacheBehavior [ RunTime:0.000381s ]
INFO: [ app_begin ] --END-- [ RunTime:0.000407s ]
SQL: SHOW COLUMNS FROM `gz_accounts` [ RunTime:0.0007s ]
SQL: SELECT `部门名称` FROM `gz_accounts` GROUP BY 部门名称 ORDER BY 部门名称 asc  [ RunTime:0.0010s ]
SQL: SHOW COLUMNS FROM `gz_management` [ RunTime:0.0025s ]
SQL: SELECT `年份`,`月份` FROM `gz_management` GROUP BY 年份,月份 ORDER BY 年份 desc,月份 desc  [ RunTime:0.0011s ]
INFO: [ view_parse ] --START--
INFO: [ template_filter ] --START--
INFO: Run Behavior\ContentReplaceBehavior [ RunTime:0.000095s ]
INFO: [ template_filter ] --END-- [ RunTime:0.000154s ]
NOTIC: [8] Undefined variable: result_value /Users/zhangping/PhpstormProjects/hqgz2/hqgz3/Application/Runtime/Cache/Adminmanage/5cc1dfbbbd6d21db6ac9b38ec2251586.php 第 38 行.
NOTIC: [8] Undefined variable: result_value /Users/zhangping/PhpstormProjects/hqgz2/hqgz3/Application/Runtime/Cache/Adminmanage/5cc1dfbbbd6d21db6ac9b38ec2251586.php 第 38 行.
INFO: Run Behavior\ParseTemplateBehavior [ RunTime:0.013716s ]
INFO: [ view_parse ] --END-- [ RunTime:0.013767s ]
INFO: [ view_filter ] --START--
INFO: Run Behavior\WriteHtmlCacheBehavior [ RunTime:0.000336s ]
INFO: [ view_filter ] --END-- [ RunTime:0.000391s ]
INFO: [ app_end ] --START--
INFO: Run Behavior\ShowPageTraceBehavior [ RunTime:0.000696s ]
INFO: [ app_end ] --END-- [ RunTime:0.000776s ]

[ 2019-09-18T00:08:27+08:00 ] ::1 /hqgz3/index.php/Adminmanage/Management/Managementlist.html?page=1&limit=40&dept=all
INFO: [ app_init ] --START--
INFO: Run Behavior\BuildLiteBehavior [ RunTime:0.000012s ]
INFO: [ app_init ] --END-- [ RunTime:0.000380s ]
INFO: [ app_begin ] --START--
INFO: Run Behavior\ReadHtmlCacheBehavior [ RunTime:0.000569s ]
INFO: [ app_begin ] --END-- [ RunTime:0.000603s ]
SQL: SHOW COLUMNS FROM `gz_management` [ RunTime:0.0009s ]
SQL: SELECT * FROM `gz_management` WHERE `年份` = '2019' ORDER BY 月份 desc LIMIT 0,40   [ RunTime:0.0024s ]
SQL: SELECT COUNT(*) AS tp_count FROM `gz_management` WHERE `年份` = '2019' LIMIT 1   [ RunTime:0.0007s ]

[ 2019-09-18T00:08:29+08:00 ] ::1 /hqgz3/index.php/Adminmanage/Management/Userdetail?idcard=321121197102123234&year=2019&month=07
INFO: [ app_init ] --START--
INFO: Run Behavior\BuildLiteBehavior [ RunTime:0.000023s ]
INFO: [ app_init ] --END-- [ RunTime:0.000676s ]
INFO: [ app_begin ] --START--
INFO: Run Behavior\ReadHtmlCacheBehavior [ RunTime:0.001072s ]
INFO: [ app_begin ] --END-- [ RunTime:0.001135s ]
SQL: SHOW COLUMNS FROM `gz_management` [ RunTime:0.0006s ]
SQL: SELECT * FROM `gz_management` WHERE `身份证号` = '321121197102123234' AND `年份` = '2019' AND `月份` = '07' LIMIT 1   [ RunTime:0.0038s ]
NOTIC: [8] Undefined variable: result_dates /Users/zhangping/PhpstormProjects/hqgz2/hqgz3/Application/Adminmanage/Controller/ManagementController.class.php 第 204 行.
INFO: [ view_parse ] --START--
INFO: [ template_filter ] --START--
INFO: Run Behavior\ContentReplaceBehavior [ RunTime:0.000041s ]
INFO: [ template_filter ] --END-- [ RunTime:0.000072s ]
INFO: Run Behavior\ParseTemplateBehavior [ RunTime:0.009241s ]
INFO: [ view_parse ] --END-- [ RunTime:0.009275s ]
INFO: [ view_filter ] --START--
INFO: Run Behavior\WriteHtmlCacheBehavior [ RunTime:0.000139s ]
INFO: [ view_filter ] --END-- [ RunTime:0.000158s ]
INFO: [ app_end ] --START--
INFO: Run Behavior\ShowPageTraceBehavior [ RunTime:0.001259s ]
INFO: [ app_end ] --END-- [ RunTime:0.001304s ]

[ 2019-09-18T00:08:33+08:00 ] ::1 /hqgz3/index.php/Adminmanage/Management/Userdetail?idcard=320823197106142846&year=2019&month=07
INFO: [ app_init ] --START--
INFO: Run Behavior\BuildLiteBehavior [ RunTime:0.000022s ]
INFO: [ app_init ] --END-- [ RunTime:0.000452s ]
INFO: [ app_begin ] --START--
INFO: Run Behavior\ReadHtmlCacheBehavior [ RunTime:0.000564s ]
INFO: [ app_begin ] --END-- [ RunTime:0.000610s ]
SQL: SHOW COLUMNS FROM `gz_management` [ RunTime:0.0008s ]
SQL: SELECT * FROM `gz_management` WHERE `身份证号` = '320823197106142846' AND `年份` = '2019' AND `月份` = '07' LIMIT 1   [ RunTime:0.0021s ]
NOTIC: [8] Undefined variable: result_dates /Users/zhangping/PhpstormProjects/hqgz2/hqgz3/Application/Adminmanage/Controller/ManagementController.class.php 第 204 行.
INFO: [ view_parse ] --START--
INFO: [ template_filter ] --START--
INFO: Run Behavior\ContentReplaceBehavior [ RunTime:0.000068s ]
INFO: [ template_filter ] --END-- [ RunTime:0.000120s ]
INFO: Run Behavior\ParseTemplateBehavior [ RunTime:0.011368s ]
INFO: [ view_parse ] --END-- [ RunTime:0.011413s ]
INFO: [ view_filter ] --START--
INFO: Run Behavior\WriteHtmlCacheBehavior [ RunTime:0.000223s ]
INFO: [ view_filter ] --END-- [ RunTime:0.000256s ]
INFO: [ app_end ] --START--
INFO: Run Behavior\ShowPageTraceBehavior [ RunTime:0.001063s ]
INFO: [ app_end ] --END-- [ RunTime:0.001123s ]

[ 2019-09-18T00:08:52+08:00 ] ::1 /hqgz3/index.php/Adminmanage/Management/Managementlist.html?page=1&limit=40&dept=%E4%BA%BA%E5%8A%9B%E8%B5%84%E6%BA%90%E7%AE%A1%E7%90%86%E9%83%A8&username=&dates=201907
INFO: [ app_init ] --START--
INFO: Run Behavior\BuildLiteBehavior [ RunTime:0.000025s ]
INFO: [ app_init ] --END-- [ RunTime:0.002013s ]
INFO: [ app_begin ] --START--
INFO: Run Behavior\ReadHtmlCacheBehavior [ RunTime:0.001100s ]
INFO: [ app_begin ] --END-- [ RunTime:0.001157s ]
SQL: SHOW COLUMNS FROM `gz_management` [ RunTime:0.0007s ]
SQL: SELECT * FROM `gz_management` WHERE `部门名称` = '人力资源管理部' AND `年份` = '2019' AND `月份` = '07' ORDER BY 月份 desc LIMIT 0,40   [ RunTime:0.0016s ]
SQL: SELECT COUNT(*) AS tp_count FROM `gz_management` WHERE `部门名称` = '人力资源管理部' AND `年份` = '2019' AND `月份` = '07' LIMIT 1   [ RunTime:0.0006s ]

[ 2019-09-18T00:08:54+08:00 ] ::1 /hqgz3/index.php/Adminmanage/Management/Userdetail?idcard=321111198111192313&year=2019&month=07
INFO: [ app_init ] --START--
INFO: Run Behavior\BuildLiteBehavior [ RunTime:0.000046s ]
INFO: [ app_init ] --END-- [ RunTime:0.000909s ]
INFO: [ app_begin ] --START--
INFO: Run Behavior\ReadHtmlCacheBehavior [ RunTime:0.000808s ]
INFO: [ app_begin ] --END-- [ RunTime:0.000857s ]
SQL: SHOW COLUMNS FROM `gz_management` [ RunTime:0.0008s ]
SQL: SELECT * FROM `gz_management` WHERE `身份证号` = '321111198111192313' AND `年份` = '2019' AND `月份` = '07' LIMIT 1   [ RunTime:0.0019s ]
NOTIC: [8] Undefined variable: result_dates /Users/zhangping/PhpstormProjects/hqgz2/hqgz3/Application/Adminmanage/Controller/ManagementController.class.php 第 204 行.
INFO: [ view_parse ] --START--
INFO: [ template_filter ] --START--
INFO: Run Behavior\ContentReplaceBehavior [ RunTime:0.000124s ]
INFO: [ template_filter ] --END-- [ RunTime:0.000202s ]
INFO: Run Behavior\ParseTemplateBehavior [ RunTime:0.017058s ]
INFO: [ view_parse ] --END-- [ RunTime:0.017111s ]
INFO: [ view_filter ] --START--
INFO: Run Behavior\WriteHtmlCacheBehavior [ RunTime:0.004411s ]
INFO: [ view_filter ] --END-- [ RunTime:0.004497s ]
INFO: [ app_end ] --START--
INFO: Run Behavior\ShowPageTraceBehavior [ RunTime:0.001125s ]
INFO: [ app_end ] --END-- [ RunTime:0.001191s ]

[ 2019-09-18T00:09:37+08:00 ] ::1 /hqgz3/index.php/Adminmanage/Management/Query2.html
INFO: [ app_init ] --START--
INFO: Run Behavior\BuildLiteBehavior [ RunTime:0.000017s ]
INFO: [ app_init ] --END-- [ RunTime:0.001188s ]
INFO: [ app_begin ] --START--
INFO: Run Behavior\ReadHtmlCacheBehavior [ RunTime:0.002038s ]
INFO: [ app_begin ] --END-- [ RunTime:0.002092s ]
SQL: SHOW COLUMNS FROM `gz_accounts` [ RunTime:0.0011s ]
SQL: SELECT `部门名称` FROM `gz_accounts` GROUP BY 部门名称 ORDER BY 部门名称 asc  [ RunTime:0.0008s ]
SQL: SHOW COLUMNS FROM `gz_management` [ RunTime:0.0008s ]
SQL: SELECT `年份`,`月份` FROM `gz_management` GROUP BY 年份,月份 ORDER BY 年份 desc,月份 desc  [ RunTime:0.0011s ]
INFO: [ view_parse ] --START--
INFO: [ template_filter ] --START--
INFO: Run Behavior\ContentReplaceBehavior [ RunTime:0.000101s ]
INFO: [ template_filter ] --END-- [ RunTime:0.000174s ]
NOTIC: [8] Undefined variable: result_value /Users/zhangping/PhpstormProjects/hqgz2/hqgz3/Application/Runtime/Cache/Adminmanage/53357b4ba2646b2e15c3eeee69928c26.php 第 40 行.
NOTIC: [8] Undefined variable: result_value /Users/zhangping/PhpstormProjects/hqgz2/hqgz3/Application/Runtime/Cache/Adminmanage/53357b4ba2646b2e15c3eeee69928c26.php 第 40 行.
INFO: Run Behavior\ParseTemplateBehavior [ RunTime:0.014850s ]
INFO: [ view_parse ] --END-- [ RunTime:0.014888s ]
INFO: [ view_filter ] --START--
INFO: Run Behavior\WriteHtmlCacheBehavior [ RunTime:0.000509s ]
INFO: [ view_filter ] --END-- [ RunTime:0.000545s ]
INFO: [ app_end ] --START--
INFO: Run Behavior\ShowPageTraceBehavior [ RunTime:0.001024s ]
INFO: [ app_end ] --END-- [ RunTime:0.001075s ]

[ 2019-09-18T00:09:47+08:00 ] ::1 /hqgz3/index.php/Adminmanage/Management/Userdetail?idcard=321111198107095748&year=2019&month=07
INFO: [ app_init ] --START--
INFO: Run Behavior\BuildLiteBehavior [ RunTime:0.000015s ]
INFO: [ app_init ] --END-- [ RunTime:0.000755s ]
INFO: [ app_begin ] --START--
INFO: Run Behavior\ReadHtmlCacheBehavior [ RunTime:0.001627s ]
INFO: [ app_begin ] --END-- [ RunTime:0.001683s ]
SQL: SHOW COLUMNS FROM `gz_management` [ RunTime:0.0018s ]
SQL: SELECT * FROM `gz_management` WHERE `身份证号` = '321111198107095748' AND `年份` = '2019' AND `月份` = '07' LIMIT 1   [ RunTime:0.0010s ]
NOTIC: [8] Undefined variable: result_dates /Users/zhangping/PhpstormProjects/hqgz2/hqgz3/Application/Adminmanage/Controller/ManagementController.class.php 第 204 行.
INFO: [ view_parse ] --START--
INFO: [ template_filter ] --START--
INFO: Run Behavior\ContentReplaceBehavior [ RunTime:0.000080s ]
INFO: [ template_filter ] --END-- [ RunTime:0.000156s ]
INFO: Run Behavior\ParseTemplateBehavior [ RunTime:0.014596s ]
INFO: [ view_parse ] --END-- [ RunTime:0.014642s ]
INFO: [ view_filter ] --START--
INFO: Run Behavior\WriteHtmlCacheBehavior [ RunTime:0.000265s ]
INFO: [ view_filter ] --END-- [ RunTime:0.000300s ]
INFO: [ app_end ] --START--
INFO: Run Behavior\ShowPageTraceBehavior [ RunTime:0.000603s ]
INFO: [ app_end ] --END-- [ RunTime:0.000649s ]

[ 2019-09-18T00:09:50+08:00 ] ::1 /hqgz3/index.php/Adminmanage/Management/Userdetail?idcard=321111198107095748&year=2019&month=07
INFO: [ app_init ] --START--
INFO: Run Behavior\BuildLiteBehavior [ RunTime:0.000015s ]
INFO: [ app_init ] --END-- [ RunTime:0.000383s ]
INFO: [ app_begin ] --START--
INFO: Run Behavior\ReadHtmlCacheBehavior [ RunTime:0.000613s ]
INFO: [ app_begin ] --END-- [ RunTime:0.000662s ]
SQL: SHOW COLUMNS FROM `gz_management` [ RunTime:0.0010s ]
SQL: SELECT * FROM `gz_management` WHERE `身份证号` = '321111198107095748' AND `年份` = '2019' AND `月份` = '07' LIMIT 1   [ RunTime:0.0015s ]
NOTIC: [8] Undefined variable: result_dates /Users/zhangping/PhpstormProjects/hqgz2/hqgz3/Application/Adminmanage/Controller/ManagementController.class.php 第 204 行.
INFO: [ view_parse ] --START--
INFO: [ template_filter ] --START--
INFO: Run Behavior\ContentReplaceBehavior [ RunTime:0.000067s ]
INFO: [ template_filter ] --END-- [ RunTime:0.000118s ]
INFO: Run Behavior\ParseTemplateBehavior [ RunTime:0.011685s ]
INFO: [ view_parse ] --END-- [ RunTime:0.011734s ]
INFO: [ view_filter ] --START--
INFO: Run Behavior\WriteHtmlCacheBehavior [ RunTime:0.000253s ]
INFO: [ view_filter ] --END-- [ RunTime:0.000287s ]
INFO: [ app_end ] --START--
INFO: Run Behavior\ShowPageTraceBehavior [ RunTime:0.001209s ]
INFO: [ app_end ] --END-- [ RunTime:0.001258s ]

[ 2019-09-18T00:09:55+08:00 ] ::1 /hqgz3/index.php/Adminmanage/Management/Index.html
INFO: [ app_init ] --START--
INFO: Run Behavior\BuildLiteBehavior [ RunTime:0.000016s ]
INFO: [ app_init ] --END-- [ RunTime:0.000580s ]
INFO: [ app_begin ] --START--
INFO: Run Behavior\ReadHtmlCacheBehavior [ RunTime:0.000691s ]
INFO: [ app_begin ] --END-- [ RunTime:0.000764s ]
INFO: [ view_parse ] --START--
INFO: [ template_filter ] --START--
INFO: Run Behavior\ContentReplaceBehavior [ RunTime:0.000064s ]
INFO: [ template_filter ] --END-- [ RunTime:0.000111s ]
INFO: Run Behavior\ParseTemplateBehavior [ RunTime:0.011116s ]
INFO: [ view_parse ] --END-- [ RunTime:0.011167s ]
INFO: [ view_filter ] --START--
INFO: Run Behavior\WriteHtmlCacheBehavior [ RunTime:0.000236s ]
INFO: [ view_filter ] --END-- [ RunTime:0.000271s ]
INFO: [ app_end ] --START--
INFO: Run Behavior\ShowPageTraceBehavior [ RunTime:0.001064s ]
INFO: [ app_end ] --END-- [ RunTime:0.001105s ]

[ 2019-09-18T00:09:55+08:00 ] ::1 /hqgz3/index.php/Adminmanage/Management/Console.html
INFO: [ app_init ] --START--
INFO: Run Behavior\BuildLiteBehavior [ RunTime:0.000013s ]
INFO: [ app_init ] --END-- [ RunTime:0.000363s ]
INFO: [ app_begin ] --START--
INFO: Run Behavior\ReadHtmlCacheBehavior [ RunTime:0.000552s ]
INFO: [ app_begin ] --END-- [ RunTime:0.000596s ]
INFO: [ view_parse ] --START--
INFO: [ template_filter ] --START--
INFO: Run Behavior\ContentReplaceBehavior [ RunTime:0.000054s ]
INFO: [ template_filter ] --END-- [ RunTime:0.000098s ]
INFO: Run Behavior\ParseTemplateBehavior [ RunTime:0.008069s ]
INFO: [ view_parse ] --END-- [ RunTime:0.008121s ]
INFO: [ view_filter ] --START--
INFO: Run Behavior\WriteHtmlCacheBehavior [ RunTime:0.000219s ]
INFO: [ view_filter ] --END-- [ RunTime:0.000256s ]
INFO: [ app_end ] --START--
INFO: Run Behavior\ShowPageTraceBehavior [ RunTime:0.000801s ]
INFO: [ app_end ] --END-- [ RunTime:0.000858s ]

[ 2019-09-18T00:09:56+08:00 ] ::1 /hqgz3/index.php/Adminmanage/Management/Query1.html
INFO: [ app_init ] --START--
INFO: Run Behavior\BuildLiteBehavior [ RunTime:0.000016s ]
INFO: [ app_init ] --END-- [ RunTime:0.000473s ]
INFO: [ app_begin ] --START--
INFO: Run Behavior\ReadHtmlCacheBehavior [ RunTime:0.000612s ]
INFO: [ app_begin ] --END-- [ RunTime:0.000656s ]
SQL: SHOW COLUMNS FROM `gz_accounts` [ RunTime:0.0005s ]
SQL: SELECT `部门名称` FROM `gz_accounts` GROUP BY 部门名称 ORDER BY 部门名称 asc  [ RunTime:0.0018s ]
SQL: SHOW COLUMNS FROM `gz_management` [ RunTime:0.0006s ]
SQL: SELECT `年份`,`月份` FROM `gz_management` GROUP BY 年份,月份 ORDER BY 年份 desc,月份 desc  [ RunTime:0.0006s ]
INFO: [ view_parse ] --START--
INFO: [ template_filter ] --START--
INFO: Run Behavior\ContentReplaceBehavior [ RunTime:0.000058s ]
INFO: [ template_filter ] --END-- [ RunTime:0.000094s ]
NOTIC: [8] Undefined variable: result_value /Users/zhangping/PhpstormProjects/hqgz2/hqgz3/Application/Runtime/Cache/Adminmanage/5cc1dfbbbd6d21db6ac9b38ec2251586.php 第 38 行.
NOTIC: [8] Undefined variable: result_value /Users/zhangping/PhpstormProjects/hqgz2/hqgz3/Application/Runtime/Cache/Adminmanage/5cc1dfbbbd6d21db6ac9b38ec2251586.php 第 38 行.
INFO: Run Behavior\ParseTemplateBehavior [ RunTime:0.012445s ]
INFO: [ view_parse ] --END-- [ RunTime:0.012482s ]
INFO: [ view_filter ] --START--
INFO: Run Behavior\WriteHtmlCacheBehavior [ RunTime:0.000222s ]
INFO: [ view_filter ] --END-- [ RunTime:0.000259s ]
INFO: [ app_end ] --START--
INFO: Run Behavior\ShowPageTraceBehavior [ RunTime:0.000596s ]
INFO: [ app_end ] --END-- [ RunTime:0.000680s ]

[ 2019-09-18T00:09:57+08:00 ] ::1 /hqgz3/index.php/Adminmanage/Management/Managementlist.html?page=1&limit=40&dept=all
INFO: [ app_init ] --START--
INFO: Run Behavior\BuildLiteBehavior [ RunTime:0.000014s ]
INFO: [ app_init ] --END-- [ RunTime:0.000424s ]
INFO: [ app_begin ] --START--
INFO: Run Behavior\ReadHtmlCacheBehavior [ RunTime:0.001262s ]
INFO: [ app_begin ] --END-- [ RunTime:0.001313s ]
SQL: SHOW COLUMNS FROM `gz_management` [ RunTime:0.0009s ]
SQL: SELECT * FROM `gz_management` WHERE `年份` = '2019' ORDER BY 月份 desc LIMIT 0,40   [ RunTime:0.0017s ]
SQL: SELECT COUNT(*) AS tp_count FROM `gz_management` WHERE `年份` = '2019' LIMIT 1   [ RunTime:0.0028s ]

[ 2019-09-18T00:09:58+08:00 ] ::1 /hqgz3/index.php/Adminmanage/Management/Userdetail?idcard=321119197408152618&year=2019&month=07
INFO: [ app_init ] --START--
INFO: Run Behavior\BuildLiteBehavior [ RunTime:0.000026s ]
INFO: [ app_init ] --END-- [ RunTime:0.002032s ]
INFO: [ app_begin ] --START--
INFO: Run Behavior\ReadHtmlCacheBehavior [ RunTime:0.000609s ]
INFO: [ app_begin ] --END-- [ RunTime:0.000659s ]
SQL: SHOW COLUMNS FROM `gz_management` [ RunTime:0.0011s ]
SQL: SELECT * FROM `gz_management` WHERE `身份证号` = '321119197408152618' AND `年份` = '2019' AND `月份` = '07' LIMIT 1   [ RunTime:0.0015s ]
NOTIC: [8] Undefined variable: result_dates /Users/zhangping/PhpstormProjects/hqgz2/hqgz3/Application/Adminmanage/Controller/ManagementController.class.php 第 204 行.
INFO: [ view_parse ] --START--
INFO: [ template_filter ] --START--
INFO: Run Behavior\ContentReplaceBehavior [ RunTime:0.000056s ]
INFO: [ template_filter ] --END-- [ RunTime:0.000106s ]
INFO: Run Behavior\ParseTemplateBehavior [ RunTime:0.013046s ]
INFO: [ view_parse ] --END-- [ RunTime:0.013099s ]
INFO: [ view_filter ] --START--
INFO: Run Behavior\WriteHtmlCacheBehavior [ RunTime:0.000324s ]
INFO: [ view_filter ] --END-- [ RunTime:0.000375s ]
INFO: [ app_end ] --START--
INFO: Run Behavior\ShowPageTraceBehavior [ RunTime:0.000815s ]
INFO: [ app_end ] --END-- [ RunTime:0.000869s ]

[ 2019-09-18T00:10:42+08:00 ] ::1 /hqgz3/index.php/Adminmanage/Management/Managementlist.html?page=1&limit=40&dept=%E5%8D%8E%E5%A4%8F%E5%9B%AD%E6%9E%97&username=&dates=201907
INFO: [ app_init ] --START--
INFO: Run Behavior\BuildLiteBehavior [ RunTime:0.000057s ]
INFO: [ app_init ] --END-- [ RunTime:0.000893s ]
INFO: [ app_begin ] --START--
INFO: Run Behavior\ReadHtmlCacheBehavior [ RunTime:0.001304s ]
INFO: [ app_begin ] --END-- [ RunTime:0.001368s ]
SQL: SHOW COLUMNS FROM `gz_management` [ RunTime:0.0019s ]
SQL: SELECT * FROM `gz_management` WHERE `部门名称` = '华夏园林' AND `年份` = '2019' AND `月份` = '07' ORDER BY 月份 desc LIMIT 0,40   [ RunTime:0.0014s ]
SQL: SELECT COUNT(*) AS tp_count FROM `gz_management` WHERE `部门名称` = '华夏园林' AND `年份` = '2019' AND `月份` = '07' LIMIT 1   [ RunTime:0.0003s ]

[ 2019-09-18T00:10:44+08:00 ] ::1 /hqgz3/index.php/Adminmanage/Management/Userdetail?idcard=321102198208300425&year=2019&month=07
INFO: [ app_init ] --START--
INFO: Run Behavior\BuildLiteBehavior [ RunTime:0.000016s ]
INFO: [ app_init ] --END-- [ RunTime:0.000449s ]
INFO: [ app_begin ] --START--
INFO: Run Behavior\ReadHtmlCacheBehavior [ RunTime:0.000697s ]
INFO: [ app_begin ] --END-- [ RunTime:0.000774s ]
SQL: SHOW COLUMNS FROM `gz_management` [ RunTime:0.0014s ]
SQL: SELECT * FROM `gz_management` WHERE `身份证号` = '321102198208300425' AND `年份` = '2019' AND `月份` = '07' LIMIT 1   [ RunTime:0.0011s ]
NOTIC: [8] Undefined variable: result_dates /Users/zhangping/PhpstormProjects/hqgz2/hqgz3/Application/Adminmanage/Controller/ManagementController.class.php 第 204 行.
INFO: [ view_parse ] --START--
INFO: [ template_filter ] --START--
INFO: Run Behavior\ContentReplaceBehavior [ RunTime:0.000096s ]
INFO: [ template_filter ] --END-- [ RunTime:0.000182s ]
INFO: Run Behavior\ParseTemplateBehavior [ RunTime:0.016151s ]
INFO: [ view_parse ] --END-- [ RunTime:0.016197s ]
INFO: [ view_filter ] --START--
INFO: Run Behavior\WriteHtmlCacheBehavior [ RunTime:0.000402s ]
INFO: [ view_filter ] --END-- [ RunTime:0.000435s ]
INFO: [ app_end ] --START--
INFO: Run Behavior\ShowPageTraceBehavior [ RunTime:0.001288s ]
INFO: [ app_end ] --END-- [ RunTime:0.001359s ]

[ 2019-09-18T00:17:42+08:00 ] ::1 /hqgz3/index.php/Adminmanage/Management/Query2.html
INFO: [ app_init ] --START--
INFO: Run Behavior\BuildLiteBehavior [ RunTime:0.000014s ]
INFO: [ app_init ] --END-- [ RunTime:0.005150s ]
INFO: [ app_begin ] --START--
INFO: Run Behavior\ReadHtmlCacheBehavior [ RunTime:0.002348s ]
INFO: [ app_begin ] --END-- [ RunTime:0.002413s ]
SQL: SHOW COLUMNS FROM `gz_accounts` [ RunTime:0.0009s ]
SQL: SELECT `部门名称` FROM `gz_accounts` GROUP BY 部门名称 ORDER BY 部门名称 asc  [ RunTime:0.0011s ]
SQL: SHOW COLUMNS FROM `gz_workers` [ RunTime:0.0009s ]
SQL: SELECT `年份`,`月份` FROM `gz_workers` GROUP BY 年份,月份 ORDER BY 年份 desc,月份 desc  [ RunTime:0.0025s ]
INFO: [ view_parse ] --START--
INFO: [ template_filter ] --START--
INFO: Run Behavior\ContentReplaceBehavior [ RunTime:0.000068s ]
INFO: [ template_filter ] --END-- [ RunTime:0.000109s ]
NOTIC: [8] Undefined variable: result_value /Users/zhangping/PhpstormProjects/hqgz2/hqgz3/Application/Runtime/Cache/Adminmanage/53357b4ba2646b2e15c3eeee69928c26.php 第 38 行.
NOTIC: [8] Undefined variable: result_value /Users/zhangping/PhpstormProjects/hqgz2/hqgz3/Application/Runtime/Cache/Adminmanage/53357b4ba2646b2e15c3eeee69928c26.php 第 38 行.
INFO: Run Behavior\ParseTemplateBehavior [ RunTime:0.020399s ]
INFO: [ view_parse ] --END-- [ RunTime:0.020441s ]
INFO: [ view_filter ] --START--
INFO: Run Behavior\WriteHtmlCacheBehavior [ RunTime:0.000448s ]
INFO: [ view_filter ] --END-- [ RunTime:0.000484s ]
INFO: [ app_end ] --START--
INFO: Run Behavior\ShowPageTraceBehavior [ RunTime:0.000877s ]
INFO: [ app_end ] --END-- [ RunTime:0.000919s ]

[ 2019-09-18T00:18:50+08:00 ] ::1 /hqgz3/index.php/Adminmanage/Management/Index.html
INFO: [ app_init ] --START--
INFO: Run Behavior\BuildLiteBehavior [ RunTime:0.000040s ]
INFO: [ app_init ] --END-- [ RunTime:0.000685s ]
INFO: [ app_begin ] --START--
INFO: Run Behavior\ReadHtmlCacheBehavior [ RunTime:0.000852s ]
INFO: [ app_begin ] --END-- [ RunTime:0.000920s ]
INFO: [ view_parse ] --START--
INFO: [ template_filter ] --START--
INFO: Run Behavior\ContentReplaceBehavior [ RunTime:0.000104s ]
INFO: [ template_filter ] --END-- [ RunTime:0.000154s ]
INFO: Run Behavior\ParseTemplateBehavior [ RunTime:0.016215s ]
INFO: [ view_parse ] --END-- [ RunTime:0.016277s ]
INFO: [ view_filter ] --START--
INFO: Run Behavior\WriteHtmlCacheBehavior [ RunTime:0.001330s ]
INFO: [ view_filter ] --END-- [ RunTime:0.001387s ]
INFO: [ app_end ] --START--
INFO: Run Behavior\ShowPageTraceBehavior [ RunTime:0.001245s ]
INFO: [ app_end ] --END-- [ RunTime:0.001304s ]

[ 2019-09-18T00:18:50+08:00 ] ::1 /hqgz3/index.php/Adminmanage/Management/Console.html
INFO: [ app_init ] --START--
INFO: Run Behavior\BuildLiteBehavior [ RunTime:0.000018s ]
INFO: [ app_init ] --END-- [ RunTime:0.000943s ]
INFO: [ app_begin ] --START--
INFO: Run Behavior\ReadHtmlCacheBehavior [ RunTime:0.000683s ]
INFO: [ app_begin ] --END-- [ RunTime:0.000743s ]
INFO: [ view_parse ] --START--
INFO: [ template_filter ] --START--
INFO: Run Behavior\ContentReplaceBehavior [ RunTime:0.000044s ]
INFO: [ template_filter ] --END-- [ RunTime:0.000099s ]
INFO: Run Behavior\ParseTemplateBehavior [ RunTime:0.015858s ]
INFO: [ view_parse ] --END-- [ RunTime:0.015901s ]
INFO: [ view_filter ] --START--
INFO: Run Behavior\WriteHtmlCacheBehavior [ RunTime:0.000140s ]
INFO: [ view_filter ] --END-- [ RunTime:0.000165s ]
INFO: [ app_end ] --START--
INFO: Run Behavior\ShowPageTraceBehavior [ RunTime:0.000513s ]
INFO: [ app_end ] --END-- [ RunTime:0.000550s ]

[ 2019-09-18T00:18:51+08:00 ] ::1 /hqgz3/index.php/Adminmanage/Management/Query2.html
INFO: [ app_init ] --START--
INFO: Run Behavior\BuildLiteBehavior [ RunTime:0.000016s ]
INFO: [ app_init ] --END-- [ RunTime:0.000471s ]
INFO: [ app_begin ] --START--
INFO: Run Behavior\ReadHtmlCacheBehavior [ RunTime:0.000461s ]
INFO: [ app_begin ] --END-- [ RunTime:0.000504s ]
SQL: SHOW COLUMNS FROM `gz_accounts` [ RunTime:0.0009s ]
SQL: SELECT `部门名称` FROM `gz_accounts` GROUP BY 部门名称 ORDER BY 部门名称 asc  [ RunTime:0.0010s ]
SQL: SHOW COLUMNS FROM `gz_workers` [ RunTime:0.0008s ]
SQL: SELECT `年份`,`月份` FROM `gz_workers` GROUP BY 年份,月份 ORDER BY 年份 desc,月份 desc  [ RunTime:0.0015s ]
INFO: [ view_parse ] --START--
INFO: [ template_filter ] --START--
INFO: Run Behavior\ContentReplaceBehavior [ RunTime:0.000063s ]
INFO: [ template_filter ] --END-- [ RunTime:0.000104s ]
NOTIC: [8] Undefined variable: result_value /Users/zhangping/PhpstormProjects/hqgz2/hqgz3/Application/Runtime/Cache/Adminmanage/53357b4ba2646b2e15c3eeee69928c26.php 第 38 行.
NOTIC: [8] Undefined variable: result_value /Users/zhangping/PhpstormProjects/hqgz2/hqgz3/Application/Runtime/Cache/Adminmanage/53357b4ba2646b2e15c3eeee69928c26.php 第 38 行.
INFO: Run Behavior\ParseTemplateBehavior [ RunTime:0.011790s ]
INFO: [ view_parse ] --END-- [ RunTime:0.011833s ]
INFO: [ view_filter ] --START--
INFO: Run Behavior\WriteHtmlCacheBehavior [ RunTime:0.000204s ]
INFO: [ view_filter ] --END-- [ RunTime:0.000248s ]
INFO: [ app_end ] --START--
INFO: Run Behavior\ShowPageTraceBehavior [ RunTime:0.001771s ]
INFO: [ app_end ] --END-- [ RunTime:0.001836s ]

[ 2019-09-18T00:18:51+08:00 ] ::1 /hqgz3/index.php/Adminmanage/Management/Managementlist.html?page=1&limit=40&dept=all
INFO: [ app_init ] --START--
INFO: Run Behavior\BuildLiteBehavior [ RunTime:0.000018s ]
INFO: [ app_init ] --END-- [ RunTime:0.000440s ]
INFO: [ app_begin ] --START--
INFO: Run Behavior\ReadHtmlCacheBehavior [ RunTime:0.001981s ]
INFO: [ app_begin ] --END-- [ RunTime:0.002062s ]
SQL: SHOW COLUMNS FROM `gz_management` [ RunTime:0.0010s ]
SQL: SELECT * FROM `gz_management` WHERE `年份` = '2019' ORDER BY 月份 desc LIMIT 0,40   [ RunTime:0.0022s ]
SQL: SELECT COUNT(*) AS tp_count FROM `gz_management` WHERE `年份` = '2019' LIMIT 1   [ RunTime:0.0005s ]

[ 2019-09-18T00:18:57+08:00 ] ::1 /hqgz3/index.php/Adminmanage/Management/Query1.html
INFO: [ app_init ] --START--
INFO: Run Behavior\BuildLiteBehavior [ RunTime:0.000016s ]
INFO: [ app_init ] --END-- [ RunTime:0.000543s ]
INFO: [ app_begin ] --START--
INFO: Run Behavior\ReadHtmlCacheBehavior [ RunTime:0.000747s ]
INFO: [ app_begin ] --END-- [ RunTime:0.000797s ]
SQL: SHOW COLUMNS FROM `gz_accounts` [ RunTime:0.0008s ]
SQL: SELECT `部门名称` FROM `gz_accounts` GROUP BY 部门名称 ORDER BY 部门名称 asc  [ RunTime:0.0014s ]
SQL: SHOW COLUMNS FROM `gz_management` [ RunTime:0.0014s ]
SQL: SELECT `年份`,`月份` FROM `gz_management` GROUP BY 年份,月份 ORDER BY 年份 desc,月份 desc  [ RunTime:0.0005s ]
INFO: [ view_parse ] --START--
INFO: [ template_filter ] --START--
INFO: Run Behavior\ContentReplaceBehavior [ RunTime:0.000062s ]
INFO: [ template_filter ] --END-- [ RunTime:0.000099s ]
NOTIC: [8] Undefined variable: result_value /Users/zhangping/PhpstormProjects/hqgz2/hqgz3/Application/Runtime/Cache/Adminmanage/5cc1dfbbbd6d21db6ac9b38ec2251586.php 第 38 行.
NOTIC: [8] Undefined variable: result_value /Users/zhangping/PhpstormProjects/hqgz2/hqgz3/Application/Runtime/Cache/Adminmanage/5cc1dfbbbd6d21db6ac9b38ec2251586.php 第 38 行.
INFO: Run Behavior\ParseTemplateBehavior [ RunTime:0.010679s ]
INFO: [ view_parse ] --END-- [ RunTime:0.010727s ]
INFO: [ view_filter ] --START--
INFO: Run Behavior\WriteHtmlCacheBehavior [ RunTime:0.000374s ]
INFO: [ view_filter ] --END-- [ RunTime:0.000446s ]
INFO: [ app_end ] --START--
INFO: Run Behavior\ShowPageTraceBehavior [ RunTime:0.009880s ]
INFO: [ app_end ] --END-- [ RunTime:0.009982s ]

[ 2019-09-18T00:18:57+08:00 ] ::1 /hqgz3/index.php/Adminmanage/Management/Managementlist.html?page=1&limit=40&dept=all
INFO: [ app_init ] --START--
INFO: Run Behavior\BuildLiteBehavior [ RunTime:0.000012s ]
INFO: [ app_init ] --END-- [ RunTime:0.000289s ]
INFO: [ app_begin ] --START--
INFO: Run Behavior\ReadHtmlCacheBehavior [ RunTime:0.000543s ]
INFO: [ app_begin ] --END-- [ RunTime:0.000590s ]
SQL: SHOW COLUMNS FROM `gz_management` [ RunTime:0.0008s ]
SQL: SELECT * FROM `gz_management` WHERE `年份` = '2019' ORDER BY 月份 desc LIMIT 0,40   [ RunTime:0.0018s ]
SQL: SELECT COUNT(*) AS tp_count FROM `gz_management` WHERE `年份` = '2019' LIMIT 1   [ RunTime:0.0005s ]

[ 2019-09-18T00:22:03+08:00 ] ::1 /hqgz3/index.php/Adminmanage/Management/Index.html
INFO: [ app_init ] --START--
INFO: Run Behavior\BuildLiteBehavior [ RunTime:0.000367s ]
INFO: [ app_init ] --END-- [ RunTime:0.001143s ]
INFO: [ app_begin ] --START--
INFO: Run Behavior\ReadHtmlCacheBehavior [ RunTime:0.001508s ]
INFO: [ app_begin ] --END-- [ RunTime:0.001564s ]
INFO: [ view_parse ] --START--
INFO: [ template_filter ] --START--
INFO: Run Behavior\ContentReplaceBehavior [ RunTime:0.000092s ]
INFO: [ template_filter ] --END-- [ RunTime:0.000142s ]
INFO: Run Behavior\ParseTemplateBehavior [ RunTime:0.013209s ]
INFO: [ view_parse ] --END-- [ RunTime:0.013263s ]
INFO: [ view_filter ] --START--
INFO: Run Behavior\WriteHtmlCacheBehavior [ RunTime:0.000567s ]
INFO: [ view_filter ] --END-- [ RunTime:0.000614s ]
INFO: [ app_end ] --START--
INFO: Run Behavior\ShowPageTraceBehavior [ RunTime:0.001358s ]
INFO: [ app_end ] --END-- [ RunTime:0.001409s ]

[ 2019-09-18T00:22:03+08:00 ] ::1 /hqgz3/index.php/Adminmanage/Management/Console.html
INFO: [ app_init ] --START--
INFO: Run Behavior\BuildLiteBehavior [ RunTime:0.000015s ]
INFO: [ app_init ] --END-- [ RunTime:0.000391s ]
INFO: [ app_begin ] --START--
INFO: Run Behavior\ReadHtmlCacheBehavior [ RunTime:0.000505s ]
INFO: [ app_begin ] --END-- [ RunTime:0.000548s ]
INFO: [ view_parse ] --START--
INFO: [ template_filter ] --START--
INFO: Run Behavior\ContentReplaceBehavior [ RunTime:0.000054s ]
INFO: [ template_filter ] --END-- [ RunTime:0.000106s ]
INFO: Run Behavior\ParseTemplateBehavior [ RunTime:0.023155s ]
INFO: [ view_parse ] --END-- [ RunTime:0.023216s ]
INFO: [ view_filter ] --START--
INFO: Run Behavior\WriteHtmlCacheBehavior [ RunTime:0.000249s ]
INFO: [ view_filter ] --END-- [ RunTime:0.000289s ]
INFO: [ app_end ] --START--
INFO: Run Behavior\ShowPageTraceBehavior [ RunTime:0.001102s ]
INFO: [ app_end ] --END-- [ RunTime:0.001154s ]

[ 2019-09-18T00:22:05+08:00 ] ::1 /hqgz3/index.php/Adminmanage/Management/Query1.html
INFO: [ app_init ] --START--
INFO: Run Behavior\BuildLiteBehavior [ RunTime:0.000016s ]
INFO: [ app_init ] --END-- [ RunTime:0.000725s ]
INFO: [ app_begin ] --START--
INFO: Run Behavior\ReadHtmlCacheBehavior [ RunTime:0.000422s ]
INFO: [ app_begin ] --END-- [ RunTime:0.000459s ]
SQL: SHOW COLUMNS FROM `gz_accounts` [ RunTime:0.0007s ]
SQL: SELECT `部门名称` FROM `gz_accounts` GROUP BY 部门名称 ORDER BY 部门名称 asc  [ RunTime:0.0010s ]
SQL: SHOW COLUMNS FROM `gz_management` [ RunTime:0.0008s ]
SQL: SELECT `年份`,`月份` FROM `gz_management` GROUP BY 年份,月份 ORDER BY 年份 desc,月份 desc  [ RunTime:0.0007s ]
INFO: [ view_parse ] --START--
INFO: [ template_filter ] --START--
INFO: Run Behavior\ContentReplaceBehavior [ RunTime:0.000071s ]
INFO: [ template_filter ] --END-- [ RunTime:0.000120s ]
NOTIC: [8] Undefined variable: result_value /Users/zhangping/PhpstormProjects/hqgz2/hqgz3/Application/Runtime/Cache/Adminmanage/5cc1dfbbbd6d21db6ac9b38ec2251586.php 第 38 行.
NOTIC: [8] Undefined variable: result_value /Users/zhangping/PhpstormProjects/hqgz2/hqgz3/Application/Runtime/Cache/Adminmanage/5cc1dfbbbd6d21db6ac9b38ec2251586.php 第 38 行.
INFO: Run Behavior\ParseTemplateBehavior [ RunTime:0.010852s ]
INFO: [ view_parse ] --END-- [ RunTime:0.010952s ]
INFO: [ view_filter ] --START--
INFO: Run Behavior\WriteHtmlCacheBehavior [ RunTime:0.000616s ]
INFO: [ view_filter ] --END-- [ RunTime:0.000698s ]
INFO: [ app_end ] --START--
INFO: Run Behavior\ShowPageTraceBehavior [ RunTime:0.001703s ]
INFO: [ app_end ] --END-- [ RunTime:0.001753s ]

[ 2019-09-18T00:22:05+08:00 ] ::1 /hqgz3/index.php/Adminmanage/Management/Managementlist.html?page=1&limit=40&dept=all
INFO: [ app_init ] --START--
INFO: Run Behavior\BuildLiteBehavior [ RunTime:0.000010s ]
INFO: [ app_init ] --END-- [ RunTime:0.000324s ]
INFO: [ app_begin ] --START--
INFO: Run Behavior\ReadHtmlCacheBehavior [ RunTime:0.000605s ]
INFO: [ app_begin ] --END-- [ RunTime:0.000681s ]
SQL: SHOW COLUMNS FROM `gz_management` [ RunTime:0.0009s ]
SQL: SELECT * FROM `gz_management` WHERE `年份` = '2019' ORDER BY 月份 desc LIMIT 0,40   [ RunTime:0.0052s ]
SQL: SELECT COUNT(*) AS tp_count FROM `gz_management` WHERE `年份` = '2019' LIMIT 1   [ RunTime:0.0006s ]

[ 2019-09-18T00:22:06+08:00 ] ::1 /hqgz3/index.php/Adminmanage/Management/Query2.html
INFO: [ app_init ] --START--
INFO: Run Behavior\BuildLiteBehavior [ RunTime:0.000016s ]
INFO: [ app_init ] --END-- [ RunTime:0.000453s ]
INFO: [ app_begin ] --START--
INFO: Run Behavior\ReadHtmlCacheBehavior [ RunTime:0.000638s ]
INFO: [ app_begin ] --END-- [ RunTime:0.000686s ]
SQL: SHOW COLUMNS FROM `gz_accounts` [ RunTime:0.0005s ]
SQL: SELECT `部门名称` FROM `gz_accounts` GROUP BY 部门名称 ORDER BY 部门名称 asc  [ RunTime:0.0009s ]
SQL: SHOW COLUMNS FROM `gz_workers` [ RunTime:0.0007s ]
SQL: SELECT `年份`,`月份` FROM `gz_workers` GROUP BY 年份,月份 ORDER BY 年份 desc,月份 desc  [ RunTime:0.0011s ]
INFO: [ view_parse ] --START--
INFO: [ template_filter ] --START--
INFO: Run Behavior\ContentReplaceBehavior [ RunTime:0.000065s ]
INFO: [ template_filter ] --END-- [ RunTime:0.000109s ]
NOTIC: [8] Undefined variable: result_value /Users/zhangping/PhpstormProjects/hqgz2/hqgz3/Application/Runtime/Cache/Adminmanage/53357b4ba2646b2e15c3eeee69928c26.php 第 38 行.
NOTIC: [8] Undefined variable: result_value /Users/zhangping/PhpstormProjects/hqgz2/hqgz3/Application/Runtime/Cache/Adminmanage/53357b4ba2646b2e15c3eeee69928c26.php 第 38 行.
INFO: Run Behavior\ParseTemplateBehavior [ RunTime:0.012969s ]
INFO: [ view_parse ] --END-- [ RunTime:0.013024s ]
INFO: [ view_filter ] --START--
INFO: Run Behavior\WriteHtmlCacheBehavior [ RunTime:0.000165s ]
INFO: [ view_filter ] --END-- [ RunTime:0.000187s ]
INFO: [ app_end ] --START--
INFO: Run Behavior\ShowPageTraceBehavior [ RunTime:0.001988s ]
INFO: [ app_end ] --END-- [ RunTime:0.002048s ]

[ 2019-09-18T00:22:06+08:00 ] ::1 /hqgz3/index.php/Adminmanage/Management/Workerslist.html?page=1&limit=40&dept=all
INFO: [ app_init ] --START--
INFO: Run Behavior\BuildLiteBehavior [ RunTime:0.000017s ]
INFO: [ app_init ] --END-- [ RunTime:0.000682s ]
INFO: [ app_begin ] --START--
INFO: Run Behavior\ReadHtmlCacheBehavior [ RunTime:0.000862s ]
INFO: [ app_begin ] --END-- [ RunTime:0.000915s ]
SQL: SHOW COLUMNS FROM `gz_workers` [ RunTime:0.0018s ]
SQL: SELECT * FROM `gz_workers` WHERE `年份` = '2019' ORDER BY 月份 desc LIMIT 0,40   [ RunTime:0.0021s ]
SQL: SELECT COUNT(*) AS tp_count FROM `gz_workers` WHERE `年份` = '2019' LIMIT 1   [ RunTime:0.0006s ]

[ 2019-09-18T00:22:11+08:00 ] ::1 /hqgz3/index.php/Adminmanage/Management/Userdetail?idcard=321123196006293418&year=2019&month=07
INFO: [ app_init ] --START--
INFO: Run Behavior\BuildLiteBehavior [ RunTime:0.000039s ]
INFO: [ app_init ] --END-- [ RunTime:0.002216s ]
INFO: [ app_begin ] --START--
INFO: Run Behavior\ReadHtmlCacheBehavior [ RunTime:0.000835s ]
INFO: [ app_begin ] --END-- [ RunTime:0.000932s ]
SQL: SHOW COLUMNS FROM `gz_management` [ RunTime:0.0017s ]
SQL: SELECT * FROM `gz_management` WHERE `身份证号` = '321123196006293418' AND `年份` = '2019' AND `月份` = '07' LIMIT 1   [ RunTime:0.0016s ]
SQL: SHOW COLUMNS FROM `gz_workers` [ RunTime:0.0008s ]
SQL: SELECT * FROM `gz_workers` WHERE `身份证号` = '321123196006293418' AND `年份` = '2019' AND `月份` = '07' LIMIT 1   [ RunTime:0.0017s ]
NOTIC: [8] Undefined variable: result_dates /Users/zhangping/PhpstormProjects/hqgz2/hqgz3/Application/Adminmanage/Controller/ManagementController.class.php 第 233 行.
INFO: [ view_parse ] --START--
INFO: [ template_filter ] --START--
INFO: Run Behavior\ContentReplaceBehavior [ RunTime:0.000069s ]
INFO: [ template_filter ] --END-- [ RunTime:0.000125s ]
INFO: Run Behavior\ParseTemplateBehavior [ RunTime:0.015061s ]
INFO: [ view_parse ] --END-- [ RunTime:0.015115s ]
INFO: [ view_filter ] --START--
INFO: Run Behavior\WriteHtmlCacheBehavior [ RunTime:0.000246s ]
INFO: [ view_filter ] --END-- [ RunTime:0.000281s ]
INFO: [ app_end ] --START--
INFO: Run Behavior\ShowPageTraceBehavior [ RunTime:0.000843s ]
INFO: [ app_end ] --END-- [ RunTime:0.001091s ]

[ 2019-09-18T00:22:17+08:00 ] ::1 /hqgz3/index.php/Adminmanage/Management/Userdetail?idcard=342225197002146071&year=2019&month=07
INFO: [ app_init ] --START--
INFO: Run Behavior\BuildLiteBehavior [ RunTime:0.000019s ]
INFO: [ app_init ] --END-- [ RunTime:0.000645s ]
INFO: [ app_begin ] --START--
INFO: Run Behavior\ReadHtmlCacheBehavior [ RunTime:0.001000s ]
INFO: [ app_begin ] --END-- [ RunTime:0.001049s ]
SQL: SHOW COLUMNS FROM `gz_management` [ RunTime:0.0011s ]
SQL: SELECT * FROM `gz_management` WHERE `身份证号` = '342225197002146071' AND `年份` = '2019' AND `月份` = '07' LIMIT 1   [ RunTime:0.0013s ]
SQL: SHOW COLUMNS FROM `gz_workers` [ RunTime:0.0007s ]
SQL: SELECT * FROM `gz_workers` WHERE `身份证号` = '342225197002146071' AND `年份` = '2019' AND `月份` = '07' LIMIT 1   [ RunTime:0.0013s ]
NOTIC: [8] Undefined variable: result_dates /Users/zhangping/PhpstormProjects/hqgz2/hqgz3/Application/Adminmanage/Controller/ManagementController.class.php 第 233 行.
INFO: [ view_parse ] --START--
INFO: [ template_filter ] --START--
INFO: Run Behavior\ContentReplaceBehavior [ RunTime:0.000076s ]
INFO: [ template_filter ] --END-- [ RunTime:0.000127s ]
INFO: Run Behavior\ParseTemplateBehavior [ RunTime:0.017345s ]
INFO: [ view_parse ] --END-- [ RunTime:0.017395s ]
INFO: [ view_filter ] --START--
INFO: Run Behavior\WriteHtmlCacheBehavior [ RunTime:0.000246s ]
INFO: [ view_filter ] --END-- [ RunTime:0.000280s ]
INFO: [ app_end ] --START--
INFO: Run Behavior\ShowPageTraceBehavior [ RunTime:0.001515s ]
INFO: [ app_end ] --END-- [ RunTime:0.001594s ]

[ 2019-09-18T00:22:22+08:00 ] ::1 /hqgz3/index.php/Adminmanage/Management/Workerslist.html?page=1&limit=40&dept=all&username=&dates=201906
INFO: [ app_init ] --START--
INFO: Run Behavior\BuildLiteBehavior [ RunTime:0.000016s ]
INFO: [ app_init ] --END-- [ RunTime:0.000570s ]
INFO: [ app_begin ] --START--
INFO: Run Behavior\ReadHtmlCacheBehavior [ RunTime:0.000790s ]
INFO: [ app_begin ] --END-- [ RunTime:0.000847s ]
SQL: SHOW COLUMNS FROM `gz_workers` [ RunTime:0.0009s ]
SQL: SELECT * FROM `gz_workers` WHERE `年份` = '2019' AND `月份` = '06' ORDER BY 月份 desc LIMIT 0,40   [ RunTime:0.0024s ]
SQL: SELECT COUNT(*) AS tp_count FROM `gz_workers` WHERE `年份` = '2019' AND `月份` = '06' LIMIT 1   [ RunTime:0.0006s ]

[ 2019-09-18T00:22:25+08:00 ] ::1 /hqgz3/index.php/Adminmanage/Management/Userdetail?idcard=321102197306220424&year=2019&month=06
INFO: [ app_init ] --START--
INFO: Run Behavior\BuildLiteBehavior [ RunTime:0.000016s ]
INFO: [ app_init ] --END-- [ RunTime:0.000407s ]
INFO: [ app_begin ] --START--
INFO: Run Behavior\ReadHtmlCacheBehavior [ RunTime:0.000447s ]
INFO: [ app_begin ] --END-- [ RunTime:0.000496s ]
SQL: SHOW COLUMNS FROM `gz_management` [ RunTime:0.0009s ]
SQL: SELECT * FROM `gz_management` WHERE `身份证号` = '321102197306220424' AND `年份` = '2019' AND `月份` = '06' LIMIT 1   [ RunTime:0.0018s ]
SQL: SHOW COLUMNS FROM `gz_workers` [ RunTime:0.0009s ]
SQL: SELECT * FROM `gz_workers` WHERE `身份证号` = '321102197306220424' AND `年份` = '2019' AND `月份` = '06' LIMIT 1   [ RunTime:0.0006s ]
NOTIC: [8] Undefined variable: result_dates /Users/zhangping/PhpstormProjects/hqgz2/hqgz3/Application/Adminmanage/Controller/ManagementController.class.php 第 233 行.
INFO: [ view_parse ] --START--
INFO: [ template_filter ] --START--
INFO: Run Behavior\ContentReplaceBehavior [ RunTime:0.000256s ]
INFO: [ template_filter ] --END-- [ RunTime:0.000306s ]
INFO: Run Behavior\ParseTemplateBehavior [ RunTime:0.022209s ]
INFO: [ view_parse ] --END-- [ RunTime:0.022260s ]
INFO: [ view_filter ] --START--
INFO: Run Behavior\WriteHtmlCacheBehavior [ RunTime:0.000335s ]
INFO: [ view_filter ] --END-- [ RunTime:0.000370s ]
INFO: [ app_end ] --START--
INFO: Run Behavior\ShowPageTraceBehavior [ RunTime:0.001409s ]
INFO: [ app_end ] --END-- [ RunTime:0.001458s ]

[ 2019-09-18T00:25:50+08:00 ] ::1 /hqgz3/index.php/Adminmanage/Management/Index.html
INFO: [ app_init ] --START--
INFO: Run Behavior\BuildLiteBehavior [ RunTime:0.000016s ]
INFO: [ app_init ] --END-- [ RunTime:0.000696s ]
INFO: [ app_begin ] --START--
INFO: Run Behavior\ReadHtmlCacheBehavior [ RunTime:0.000625s ]
INFO: [ app_begin ] --END-- [ RunTime:0.000662s ]
INFO: [ view_parse ] --START--
INFO: [ template_filter ] --START--
INFO: Run Behavior\ContentReplaceBehavior [ RunTime:0.000099s ]
INFO: [ template_filter ] --END-- [ RunTime:0.000155s ]
INFO: Run Behavior\ParseTemplateBehavior [ RunTime:0.013205s ]
INFO: [ view_parse ] --END-- [ RunTime:0.013263s ]
INFO: [ view_filter ] --START--
INFO: Run Behavior\WriteHtmlCacheBehavior [ RunTime:0.000674s ]
INFO: [ view_filter ] --END-- [ RunTime:0.000723s ]
INFO: [ app_end ] --START--
INFO: Run Behavior\ShowPageTraceBehavior [ RunTime:0.001335s ]
INFO: [ app_end ] --END-- [ RunTime:0.001387s ]

[ 2019-09-18T00:25:51+08:00 ] ::1 /hqgz3/index.php/Adminmanage/Management/Console.html
INFO: [ app_init ] --START--
INFO: Run Behavior\BuildLiteBehavior [ RunTime:0.000017s ]
INFO: [ app_init ] --END-- [ RunTime:0.000518s ]
INFO: [ app_begin ] --START--
INFO: Run Behavior\ReadHtmlCacheBehavior [ RunTime:0.001263s ]
INFO: [ app_begin ] --END-- [ RunTime:0.001311s ]
INFO: [ view_parse ] --START--
INFO: [ template_filter ] --START--
INFO: Run Behavior\ContentReplaceBehavior [ RunTime:0.000608s ]
INFO: [ template_filter ] --END-- [ RunTime:0.000675s ]
INFO: Run Behavior\ParseTemplateBehavior [ RunTime:0.017433s ]
INFO: [ view_parse ] --END-- [ RunTime:0.017487s ]
INFO: [ view_filter ] --START--
INFO: Run Behavior\WriteHtmlCacheBehavior [ RunTime:0.000204s ]
INFO: [ view_filter ] --END-- [ RunTime:0.000269s ]
INFO: [ app_end ] --START--
INFO: Run Behavior\ShowPageTraceBehavior [ RunTime:0.000839s ]
INFO: [ app_end ] --END-- [ RunTime:0.000891s ]

[ 2019-09-18T00:25:52+08:00 ] ::1 /hqgz3/index.php/Adminmanage/Management/Query2.html
INFO: [ app_init ] --START--
INFO: Run Behavior\BuildLiteBehavior [ RunTime:0.000023s ]
INFO: [ app_init ] --END-- [ RunTime:0.000602s ]
INFO: [ app_begin ] --START--
INFO: Run Behavior\ReadHtmlCacheBehavior [ RunTime:0.000912s ]
INFO: [ app_begin ] --END-- [ RunTime:0.000977s ]
SQL: SHOW COLUMNS FROM `gz_accounts` [ RunTime:0.0010s ]
SQL: SELECT `部门名称` FROM `gz_accounts` GROUP BY 部门名称 ORDER BY 部门名称 asc  [ RunTime:0.0009s ]
SQL: SHOW COLUMNS FROM `gz_workers` [ RunTime:0.0010s ]
SQL: SELECT `年份`,`月份` FROM `gz_workers` GROUP BY 年份,月份 ORDER BY 年份 desc,月份 desc  [ RunTime:0.0033s ]
INFO: [ view_parse ] --START--
INFO: [ template_filter ] --START--
INFO: Run Behavior\ContentReplaceBehavior [ RunTime:0.000099s ]
INFO: [ template_filter ] --END-- [ RunTime:0.000146s ]
NOTIC: [8] Undefined variable: result_value /Users/zhangping/PhpstormProjects/hqgz2/hqgz3/Application/Runtime/Cache/Adminmanage/53357b4ba2646b2e15c3eeee69928c26.php 第 38 行.
NOTIC: [8] Undefined variable: result_value /Users/zhangping/PhpstormProjects/hqgz2/hqgz3/Application/Runtime/Cache/Adminmanage/53357b4ba2646b2e15c3eeee69928c26.php 第 38 行.
INFO: Run Behavior\ParseTemplateBehavior [ RunTime:0.019266s ]
INFO: [ view_parse ] --END-- [ RunTime:0.019312s ]
INFO: [ view_filter ] --START--
INFO: Run Behavior\WriteHtmlCacheBehavior [ RunTime:0.000212s ]
INFO: [ view_filter ] --END-- [ RunTime:0.000238s ]
INFO: [ app_end ] --START--
INFO: Run Behavior\ShowPageTraceBehavior [ RunTime:0.001799s ]
INFO: [ app_end ] --END-- [ RunTime:0.001866s ]

[ 2019-09-18T00:25:52+08:00 ] ::1 /hqgz3/index.php/Adminmanage/Management/Workerslist.html?page=1&limit=40&dept=all
INFO: [ app_init ] --START--
INFO: Run Behavior\BuildLiteBehavior [ RunTime:0.000010s ]
INFO: [ app_init ] --END-- [ RunTime:0.000279s ]
INFO: [ app_begin ] --START--
INFO: Run Behavior\ReadHtmlCacheBehavior [ RunTime:0.000600s ]
INFO: [ app_begin ] --END-- [ RunTime:0.000638s ]
SQL: SHOW COLUMNS FROM `gz_workers` [ RunTime:0.0006s ]
SQL: SELECT * FROM `gz_workers` WHERE `年份` = '2019' ORDER BY 月份 desc LIMIT 0,40   [ RunTime:0.0023s ]
SQL: SELECT COUNT(*) AS tp_count FROM `gz_workers` WHERE `年份` = '2019' LIMIT 1   [ RunTime:0.0013s ]

[ 2019-09-18T00:25:59+08:00 ] ::1 /hqgz3/index.php/Adminmanage/Management/Workerslist.html?page=1&limit=40&dept=%E4%BA%BA%E5%8A%9B%E8%B5%84%E6%BA%90%E7%AE%A1%E7%90%86%E9%83%A8&username=&dates=201907
INFO: [ app_init ] --START--
INFO: Run Behavior\BuildLiteBehavior [ RunTime:0.000018s ]
INFO: [ app_init ] --END-- [ RunTime:0.003305s ]
INFO: [ app_begin ] --START--
INFO: Run Behavior\ReadHtmlCacheBehavior [ RunTime:0.000740s ]
INFO: [ app_begin ] --END-- [ RunTime:0.000811s ]
SQL: SHOW COLUMNS FROM `gz_workers` [ RunTime:0.0007s ]
SQL: SELECT * FROM `gz_workers` WHERE `部门名称` = '人力资源管理部' AND `年份` = '2019' AND `月份` = '07' ORDER BY 月份 desc LIMIT 0,40   [ RunTime:0.0019s ]
SQL: SELECT COUNT(*) AS tp_count FROM `gz_workers` WHERE `部门名称` = '人力资源管理部' AND `年份` = '2019' AND `月份` = '07' LIMIT 1   [ RunTime:0.0007s ]

[ 2019-09-18T00:26:02+08:00 ] ::1 /hqgz3/index.php/Adminmanage/Management/Workerslist.html?page=1&limit=40&dept=%E5%85%AC%E5%AF%93%E4%B8%AD%E5%BF%83&username=&dates=201907
INFO: [ app_init ] --START--
INFO: Run Behavior\BuildLiteBehavior [ RunTime:0.000018s ]
INFO: [ app_init ] --END-- [ RunTime:0.001005s ]
INFO: [ app_begin ] --START--
INFO: Run Behavior\ReadHtmlCacheBehavior [ RunTime:0.001002s ]
INFO: [ app_begin ] --END-- [ RunTime:0.001056s ]
SQL: SHOW COLUMNS FROM `gz_workers` [ RunTime:0.0017s ]
SQL: SELECT * FROM `gz_workers` WHERE `部门名称` = '公寓中心' AND `年份` = '2019' AND `月份` = '07' ORDER BY 月份 desc LIMIT 0,40   [ RunTime:0.0026s ]
SQL: SELECT COUNT(*) AS tp_count FROM `gz_workers` WHERE `部门名称` = '公寓中心' AND `年份` = '2019' AND `月份` = '07' LIMIT 1   [ RunTime:0.0007s ]

[ 2019-09-18T00:26:05+08:00 ] ::1 /hqgz3/index.php/Adminmanage/Management/Userdetail?idcard=321102197303113826&year=2019&month=07
INFO: [ app_init ] --START--
INFO: Run Behavior\BuildLiteBehavior [ RunTime:0.000014s ]
INFO: [ app_init ] --END-- [ RunTime:0.000369s ]
INFO: [ app_begin ] --START--
INFO: Run Behavior\ReadHtmlCacheBehavior [ RunTime:0.000422s ]
INFO: [ app_begin ] --END-- [ RunTime:0.000454s ]
SQL: SHOW COLUMNS FROM `gz_management` [ RunTime:0.0008s ]
SQL: SELECT * FROM `gz_management` WHERE `身份证号` = '321102197303113826' AND `年份` = '2019' AND `月份` = '07' LIMIT 1   [ RunTime:0.0014s ]
SQL: SHOW COLUMNS FROM `gz_workers` [ RunTime:0.0008s ]
SQL: SELECT * FROM `gz_workers` WHERE `身份证号` = '321102197303113826' AND `年份` = '2019' AND `月份` = '07' LIMIT 1   [ RunTime:0.0016s ]
NOTIC: [8] Undefined variable: result_dates /Users/zhangping/PhpstormProjects/hqgz2/hqgz3/Application/Adminmanage/Controller/ManagementController.class.php 第 233 行.
INFO: [ view_parse ] --START--
INFO: [ template_filter ] --START--
INFO: Run Behavior\ContentReplaceBehavior [ RunTime:0.000075s ]
INFO: [ template_filter ] --END-- [ RunTime:0.000127s ]
INFO: Run Behavior\ParseTemplateBehavior [ RunTime:0.015469s ]
INFO: [ view_parse ] --END-- [ RunTime:0.015515s ]
INFO: [ view_filter ] --START--
INFO: Run Behavior\WriteHtmlCacheBehavior [ RunTime:0.000445s ]
INFO: [ view_filter ] --END-- [ RunTime:0.000480s ]
INFO: [ app_end ] --START--
INFO: Run Behavior\ShowPageTraceBehavior [ RunTime:0.003592s ]
INFO: [ app_end ] --END-- [ RunTime:0.003663s ]

[ 2019-09-18T00:26:09+08:00 ] ::1 /hqgz3/index.php/Adminmanage/Management/Import.html
INFO: [ app_init ] --START--
INFO: Run Behavior\BuildLiteBehavior [ RunTime:0.000016s ]
INFO: [ app_init ] --END-- [ RunTime:0.000591s ]
INFO: [ app_begin ] --START--
INFO: Run Behavior\ReadHtmlCacheBehavior [ RunTime:0.000646s ]
INFO: [ app_begin ] --END-- [ RunTime:0.000695s ]
INFO: [ view_parse ] --START--
INFO: [ template_filter ] --START--
INFO: Run Behavior\ContentReplaceBehavior [ RunTime:0.000063s ]
INFO: [ template_filter ] --END-- [ RunTime:0.000118s ]
INFO: Run Behavior\ParseTemplateBehavior [ RunTime:0.011457s ]
INFO: [ view_parse ] --END-- [ RunTime:0.011519s ]
INFO: [ view_filter ] --START--
INFO: Run Behavior\WriteHtmlCacheBehavior [ RunTime:0.000224s ]
INFO: [ view_filter ] --END-- [ RunTime:0.000258s ]
INFO: [ app_end ] --START--
INFO: Run Behavior\ShowPageTraceBehavior [ RunTime:0.000764s ]
INFO: [ app_end ] --END-- [ RunTime:0.000808s ]

[ 2019-09-18T00:26:11+08:00 ] ::1 /hqgz3/index.php/Adminmanage/Management/Query1.html
INFO: [ app_init ] --START--
INFO: Run Behavior\BuildLiteBehavior [ RunTime:0.000019s ]
INFO: [ app_init ] --END-- [ RunTime:0.000404s ]
INFO: [ app_begin ] --START--
INFO: Run Behavior\ReadHtmlCacheBehavior [ RunTime:0.000729s ]
INFO: [ app_begin ] --END-- [ RunTime:0.000767s ]
SQL: SHOW COLUMNS FROM `gz_accounts` [ RunTime:0.0006s ]
SQL: SELECT `部门名称` FROM `gz_accounts` GROUP BY 部门名称 ORDER BY 部门名称 asc  [ RunTime:0.0010s ]
SQL: SHOW COLUMNS FROM `gz_management` [ RunTime:0.0009s ]
SQL: SELECT `年份`,`月份` FROM `gz_management` GROUP BY 年份,月份 ORDER BY 年份 desc,月份 desc  [ RunTime:0.0007s ]
INFO: [ view_parse ] --START--
INFO: [ template_filter ] --START--
INFO: Run Behavior\ContentReplaceBehavior [ RunTime:0.000115s ]
INFO: [ template_filter ] --END-- [ RunTime:0.000184s ]
NOTIC: [8] Undefined variable: result_value /Users/zhangping/PhpstormProjects/hqgz2/hqgz3/Application/Runtime/Cache/Adminmanage/5cc1dfbbbd6d21db6ac9b38ec2251586.php 第 38 行.
NOTIC: [8] Undefined variable: result_value /Users/zhangping/PhpstormProjects/hqgz2/hqgz3/Application/Runtime/Cache/Adminmanage/5cc1dfbbbd6d21db6ac9b38ec2251586.php 第 38 行.
INFO: Run Behavior\ParseTemplateBehavior [ RunTime:0.014647s ]
INFO: [ view_parse ] --END-- [ RunTime:0.014692s ]
INFO: [ view_filter ] --START--
INFO: Run Behavior\WriteHtmlCacheBehavior [ RunTime:0.000303s ]
INFO: [ view_filter ] --END-- [ RunTime:0.000442s ]
INFO: [ app_end ] --START--
INFO: Run Behavior\ShowPageTraceBehavior [ RunTime:0.000818s ]
INFO: [ app_end ] --END-- [ RunTime:0.001293s ]

[ 2019-09-18T00:26:11+08:00 ] ::1 /hqgz3/index.php/Adminmanage/Management/Managementlist.html?page=1&limit=40&dept=all
INFO: [ app_init ] --START--
INFO: Run Behavior\BuildLiteBehavior [ RunTime:0.000029s ]
INFO: [ app_init ] --END-- [ RunTime:0.000618s ]
INFO: [ app_begin ] --START--
INFO: Run Behavior\ReadHtmlCacheBehavior [ RunTime:0.000620s ]
INFO: [ app_begin ] --END-- [ RunTime:0.000666s ]
SQL: SHOW COLUMNS FROM `gz_management` [ RunTime:0.0009s ]
SQL: SELECT * FROM `gz_management` WHERE `年份` = '2019' ORDER BY 月份 desc LIMIT 0,40   [ RunTime:0.0019s ]
SQL: SELECT COUNT(*) AS tp_count FROM `gz_management` WHERE `年份` = '2019' LIMIT 1   [ RunTime:0.0004s ]

[ 2019-09-18T00:26:12+08:00 ] ::1 /hqgz3/index.php/Adminmanage/Management/AccountManage.html
INFO: [ app_init ] --START--
INFO: Run Behavior\BuildLiteBehavior [ RunTime:0.000011s ]
INFO: [ app_init ] --END-- [ RunTime:0.000271s ]
INFO: [ app_begin ] --START--
INFO: Run Behavior\ReadHtmlCacheBehavior [ RunTime:0.000470s ]
INFO: [ app_begin ] --END-- [ RunTime:0.000504s ]
SQL: SHOW COLUMNS FROM `gz_accounts` [ RunTime:0.0006s ]
SQL: SELECT `部门名称` FROM `gz_accounts` GROUP BY 部门名称 ORDER BY 部门名称 asc  [ RunTime:0.0007s ]
INFO: [ view_parse ] --START--
INFO: [ template_filter ] --START--
INFO: Run Behavior\ContentReplaceBehavior [ RunTime:0.000099s ]
INFO: [ template_filter ] --END-- [ RunTime:0.000164s ]
INFO: Run Behavior\ParseTemplateBehavior [ RunTime:0.013032s ]
INFO: [ view_parse ] --END-- [ RunTime:0.013089s ]
INFO: [ view_filter ] --START--
INFO: Run Behavior\WriteHtmlCacheBehavior [ RunTime:0.000323s ]
INFO: [ view_filter ] --END-- [ RunTime:0.000366s ]
INFO: [ app_end ] --START--
INFO: Run Behavior\ShowPageTraceBehavior [ RunTime:0.003889s ]
INFO: [ app_end ] --END-- [ RunTime:0.004119s ]

[ 2019-09-18T00:26:12+08:00 ] ::1 /hqgz3/index.php/Adminmanage/Management/Accountlist.html?page=1&limit=30&dept=all
INFO: [ app_init ] --START--
INFO: Run Behavior\BuildLiteBehavior [ RunTime:0.000016s ]
INFO: [ app_init ] --END-- [ RunTime:0.000340s ]
INFO: [ app_begin ] --START--
INFO: Run Behavior\ReadHtmlCacheBehavior [ RunTime:0.000618s ]
INFO: [ app_begin ] --END-- [ RunTime:0.000658s ]
SQL: SHOW COLUMNS FROM `gz_accounts` [ RunTime:0.0006s ]
SQL: SELECT * FROM `gz_accounts` INNER JOIN gz_authname ON gz_accounts.权限 = gz_authname.id INNER JOIN gz_positionname ON gz_accounts.类别 = gz_positionname.id   ORDER BY 部门名称 asc LIMIT 0,30   [ RunTime:0.0049s ]
SQL: SELECT COUNT(*) AS tp_count FROM `gz_accounts` LIMIT 1   [ RunTime:0.0003s ]

[ 2019-09-18T00:28:56+08:00 ] ::1 /hqgz3/index.php/Adminmanage/Management/Index.html
INFO: [ app_init ] --START--
INFO: Run Behavior\BuildLiteBehavior [ RunTime:0.000050s ]
INFO: [ app_init ] --END-- [ RunTime:0.000926s ]
INFO: [ app_begin ] --START--
INFO: Run Behavior\ReadHtmlCacheBehavior [ RunTime:0.000951s ]
INFO: [ app_begin ] --END-- [ RunTime:0.000998s ]
INFO: [ view_parse ] --START--
INFO: [ template_filter ] --START--
INFO: Run Behavior\ContentReplaceBehavior [ RunTime:0.000060s ]
INFO: [ template_filter ] --END-- [ RunTime:0.000097s ]
INFO: Run Behavior\ParseTemplateBehavior [ RunTime:0.012541s ]
INFO: [ view_parse ] --END-- [ RunTime:0.012592s ]
INFO: [ view_filter ] --START--
INFO: Run Behavior\WriteHtmlCacheBehavior [ RunTime:0.000534s ]
INFO: [ view_filter ] --END-- [ RunTime:0.000578s ]
INFO: [ app_end ] --START--
INFO: Run Behavior\ShowPageTraceBehavior [ RunTime:0.001341s ]
INFO: [ app_end ] --END-- [ RunTime:0.001390s ]

[ 2019-09-18T00:28:56+08:00 ] ::1 /hqgz3/index.php/Adminmanage/Management/Console.html
INFO: [ app_init ] --START--
INFO: Run Behavior\BuildLiteBehavior [ RunTime:0.000013s ]
INFO: [ app_init ] --END-- [ RunTime:0.000399s ]
INFO: [ app_begin ] --START--
INFO: Run Behavior\ReadHtmlCacheBehavior [ RunTime:0.000923s ]
INFO: [ app_begin ] --END-- [ RunTime:0.000970s ]
INFO: [ view_parse ] --START--
INFO: [ template_filter ] --START--
INFO: Run Behavior\ContentReplaceBehavior [ RunTime:0.000053s ]
INFO: [ template_filter ] --END-- [ RunTime:0.000102s ]
INFO: Run Behavior\ParseTemplateBehavior [ RunTime:0.009591s ]
INFO: [ view_parse ] --END-- [ RunTime:0.009640s ]
INFO: [ view_filter ] --START--
INFO: Run Behavior\WriteHtmlCacheBehavior [ RunTime:0.000234s ]
INFO: [ view_filter ] --END-- [ RunTime:0.000266s ]
INFO: [ app_end ] --START--
INFO: Run Behavior\ShowPageTraceBehavior [ RunTime:0.000764s ]
INFO: [ app_end ] --END-- [ RunTime:0.000804s ]

[ 2019-09-18T00:28:58+08:00 ] ::1 /hqgz3/index.php/Adminmanage/Management/Query1.html
INFO: [ app_init ] --START--
INFO: Run Behavior\BuildLiteBehavior [ RunTime:0.000020s ]
INFO: [ app_init ] --END-- [ RunTime:0.000463s ]
INFO: [ app_begin ] --START--
INFO: Run Behavior\ReadHtmlCacheBehavior [ RunTime:0.000702s ]
INFO: [ app_begin ] --END-- [ RunTime:0.000752s ]
SQL: SHOW COLUMNS FROM `gz_accounts` [ RunTime:0.0040s ]
SQL: SELECT `部门名称` FROM `gz_accounts` GROUP BY 部门名称 ORDER BY 部门名称 asc  [ RunTime:0.0016s ]
SQL: SHOW COLUMNS FROM `gz_management` [ RunTime:0.0008s ]
SQL: SELECT `年份`,`月份` FROM `gz_management` GROUP BY 年份,月份 ORDER BY 年份 desc,月份 desc  [ RunTime:0.0015s ]
INFO: [ view_parse ] --START--
INFO: [ template_filter ] --START--
INFO: Run Behavior\ContentReplaceBehavior [ RunTime:0.000115s ]
INFO: [ template_filter ] --END-- [ RunTime:0.000183s ]
NOTIC: [8] Undefined variable: result_value /Users/zhangping/PhpstormProjects/hqgz2/hqgz3/Application/Runtime/Cache/Adminmanage/5cc1dfbbbd6d21db6ac9b38ec2251586.php 第 38 行.
NOTIC: [8] Undefined variable: result_value /Users/zhangping/PhpstormProjects/hqgz2/hqgz3/Application/Runtime/Cache/Adminmanage/5cc1dfbbbd6d21db6ac9b38ec2251586.php 第 38 行.
INFO: Run Behavior\ParseTemplateBehavior [ RunTime:0.013959s ]
INFO: [ view_parse ] --END-- [ RunTime:0.014009s ]
INFO: [ view_filter ] --START--
INFO: Run Behavior\WriteHtmlCacheBehavior [ RunTime:0.000213s ]
INFO: [ view_filter ] --END-- [ RunTime:0.000244s ]
INFO: [ app_end ] --START--
INFO: Run Behavior\ShowPageTraceBehavior [ RunTime:0.002916s ]
INFO: [ app_end ] --END-- [ RunTime:0.002967s ]

[ 2019-09-18T00:28:58+08:00 ] ::1 /hqgz3/index.php/Adminmanage/Management/Managementlist.html?page=1&limit=40&dept=all
INFO: [ app_init ] --START--
INFO: Run Behavior\BuildLiteBehavior [ RunTime:0.000014s ]
INFO: [ app_init ] --END-- [ RunTime:0.000560s ]
INFO: [ app_begin ] --START--
INFO: Run Behavior\ReadHtmlCacheBehavior [ RunTime:0.000657s ]
INFO: [ app_begin ] --END-- [ RunTime:0.000701s ]
SQL: SHOW COLUMNS FROM `gz_management` [ RunTime:0.0010s ]
SQL: SELECT * FROM `gz_management` WHERE `年份` = '2019' ORDER BY 月份 desc LIMIT 0,40   [ RunTime:0.0012s ]
SQL: SELECT COUNT(*) AS tp_count FROM `gz_management` WHERE `年份` = '2019' LIMIT 1   [ RunTime:0.0004s ]

[ 2019-09-18T00:28:59+08:00 ] ::1 /hqgz3/index.php/Adminmanage/Management/Userdetail?idcard=321121196612015597&year=2019&month=07
INFO: [ app_init ] --START--
INFO: Run Behavior\BuildLiteBehavior [ RunTime:0.000013s ]
INFO: [ app_init ] --END-- [ RunTime:0.000371s ]
INFO: [ app_begin ] --START--
INFO: Run Behavior\ReadHtmlCacheBehavior [ RunTime:0.000758s ]
INFO: [ app_begin ] --END-- [ RunTime:0.000802s ]
SQL: SHOW COLUMNS FROM `gz_management` [ RunTime:0.0011s ]
SQL: SELECT * FROM `gz_management` WHERE `身份证号` = '321121196612015597' AND `年份` = '2019' AND `月份` = '07' LIMIT 1   [ RunTime:0.0008s ]
NOTIC: [8] Undefined variable: result_dates /Users/zhangping/PhpstormProjects/hqgz2/hqgz3/Application/Adminmanage/Controller/ManagementController.class.php 第 233 行.
INFO: [ view_parse ] --START--
INFO: [ template_filter ] --START--
INFO: Run Behavior\ContentReplaceBehavior [ RunTime:0.000069s ]
INFO: [ template_filter ] --END-- [ RunTime:0.000120s ]
INFO: Run Behavior\ParseTemplateBehavior [ RunTime:0.013930s ]
INFO: [ view_parse ] --END-- [ RunTime:0.013970s ]
INFO: [ view_filter ] --START--
INFO: Run Behavior\WriteHtmlCacheBehavior [ RunTime:0.000232s ]
INFO: [ view_filter ] --END-- [ RunTime:0.000269s ]
INFO: [ app_end ] --START--
INFO: Run Behavior\ShowPageTraceBehavior [ RunTime:0.005313s ]
INFO: [ app_end ] --END-- [ RunTime:0.005426s ]

[ 2019-09-18T00:29:11+08:00 ] ::1 /hqgz3/index.php/Adminmanage/Management/Query2.html
INFO: [ app_init ] --START--
INFO: Run Behavior\BuildLiteBehavior [ RunTime:0.000015s ]
INFO: [ app_init ] --END-- [ RunTime:0.000418s ]
INFO: [ app_begin ] --START--
INFO: Run Behavior\ReadHtmlCacheBehavior [ RunTime:0.000466s ]
INFO: [ app_begin ] --END-- [ RunTime:0.000496s ]
SQL: SHOW COLUMNS FROM `gz_accounts` [ RunTime:0.0009s ]
SQL: SELECT `部门名称` FROM `gz_accounts` GROUP BY 部门名称 ORDER BY 部门名称 asc  [ RunTime:0.0010s ]
SQL: SHOW COLUMNS FROM `gz_workers` [ RunTime:0.0008s ]
SQL: SELECT `年份`,`月份` FROM `gz_workers` GROUP BY 年份,月份 ORDER BY 年份 desc,月份 desc  [ RunTime:0.0009s ]
INFO: [ view_parse ] --START--
INFO: [ template_filter ] --START--
INFO: Run Behavior\ContentReplaceBehavior [ RunTime:0.000069s ]
INFO: [ template_filter ] --END-- [ RunTime:0.000106s ]
NOTIC: [8] Undefined variable: result_value /Users/zhangping/PhpstormProjects/hqgz2/hqgz3/Application/Runtime/Cache/Adminmanage/53357b4ba2646b2e15c3eeee69928c26.php 第 38 行.
NOTIC: [8] Undefined variable: result_value /Users/zhangping/PhpstormProjects/hqgz2/hqgz3/Application/Runtime/Cache/Adminmanage/53357b4ba2646b2e15c3eeee69928c26.php 第 38 行.
INFO: Run Behavior\ParseTemplateBehavior [ RunTime:0.017077s ]
INFO: [ view_parse ] --END-- [ RunTime:0.017119s ]
INFO: [ view_filter ] --START--
INFO: Run Behavior\WriteHtmlCacheBehavior [ RunTime:0.000153s ]
INFO: [ view_filter ] --END-- [ RunTime:0.000175s ]
INFO: [ app_end ] --START--
INFO: Run Behavior\ShowPageTraceBehavior [ RunTime:0.008620s ]
INFO: [ app_end ] --END-- [ RunTime:0.008685s ]

[ 2019-09-18T00:29:11+08:00 ] ::1 /hqgz3/index.php/Adminmanage/Management/Workerslist.html?page=1&limit=40&dept=all
INFO: [ app_init ] --START--
INFO: Run Behavior\BuildLiteBehavior [ RunTime:0.000014s ]
INFO: [ app_init ] --END-- [ RunTime:0.000471s ]
INFO: [ app_begin ] --START--
INFO: Run Behavior\ReadHtmlCacheBehavior [ RunTime:0.000600s ]
INFO: [ app_begin ] --END-- [ RunTime:0.000641s ]
SQL: SHOW COLUMNS FROM `gz_workers` [ RunTime:0.0011s ]
SQL: SELECT * FROM `gz_workers` WHERE `年份` = '2019' ORDER BY 月份 desc LIMIT 0,40   [ RunTime:0.0023s ]
SQL: SELECT COUNT(*) AS tp_count FROM `gz_workers` WHERE `年份` = '2019' LIMIT 1   [ RunTime:0.0010s ]

[ 2019-09-18T00:29:13+08:00 ] ::1 /hqgz3/index.php/Adminmanage/Management/Userdetail?idcard=321123196006293418&year=2019&month=07
INFO: [ app_init ] --START--
INFO: Run Behavior\BuildLiteBehavior [ RunTime:0.000013s ]
INFO: [ app_init ] --END-- [ RunTime:0.000416s ]
INFO: [ app_begin ] --START--
INFO: Run Behavior\ReadHtmlCacheBehavior [ RunTime:0.000475s ]
INFO: [ app_begin ] --END-- [ RunTime:0.000510s ]
SQL: SHOW COLUMNS FROM `gz_management` [ RunTime:0.0011s ]
SQL: SELECT * FROM `gz_management` WHERE `身份证号` = '321123196006293418' AND `年份` = '2019' AND `月份` = '07' LIMIT 1   [ RunTime:0.0049s ]
SQL: SHOW COLUMNS FROM `gz_workers` [ RunTime:0.0009s ]
SQL: SELECT * FROM `gz_workers` WHERE `身份证号` = '321123196006293418' AND `年份` = '2019' AND `月份` = '07' LIMIT 1   [ RunTime:0.0012s ]
NOTIC: [8] Undefined variable: result_dates /Users/zhangping/PhpstormProjects/hqgz2/hqgz3/Application/Adminmanage/Controller/ManagementController.class.php 第 233 行.
INFO: [ view_parse ] --START--
INFO: [ template_filter ] --START--
INFO: Run Behavior\ContentReplaceBehavior [ RunTime:0.000054s ]
INFO: [ template_filter ] --END-- [ RunTime:0.000094s ]
INFO: Run Behavior\ParseTemplateBehavior [ RunTime:0.014417s ]
INFO: [ view_parse ] --END-- [ RunTime:0.014470s ]
INFO: [ view_filter ] --START--
INFO: Run Behavior\WriteHtmlCacheBehavior [ RunTime:0.000259s ]
INFO: [ view_filter ] --END-- [ RunTime:0.000296s ]
INFO: [ app_end ] --START--
INFO: Run Behavior\ShowPageTraceBehavior [ RunTime:0.000951s ]
INFO: [ app_end ] --END-- [ RunTime:0.000995s ]

[ 2019-09-18T12:39:24+08:00 ] ::1 /hqgz3/index.php/Adminmanage/Management/Query2.html
INFO: [ app_init ] --START--
INFO: Run Behavior\BuildLiteBehavior [ RunTime:0.000015s ]
INFO: [ app_init ] --END-- [ RunTime:0.000648s ]
INFO: [ app_begin ] --START--
INFO: Run Behavior\ReadHtmlCacheBehavior [ RunTime:0.000772s ]
INFO: [ app_begin ] --END-- [ RunTime:0.000821s ]
SQL: SHOW COLUMNS FROM `gz_accounts` [ RunTime:0.0099s ]
SQL: SELECT `部门名称` FROM `gz_accounts` GROUP BY 部门名称 ORDER BY 部门名称 asc  [ RunTime:0.0010s ]
SQL: SHOW COLUMNS FROM `gz_workers` [ RunTime:0.0025s ]
SQL: SELECT `年份`,`月份` FROM `gz_workers` GROUP BY 年份,月份 ORDER BY 年份 desc,月份 desc  [ RunTime:0.0017s ]
INFO: [ view_parse ] --START--
INFO: [ template_filter ] --START--
INFO: Run Behavior\ContentReplaceBehavior [ RunTime:0.000063s ]
INFO: [ template_filter ] --END-- [ RunTime:0.000094s ]
NOTIC: [8] Undefined variable: result_value /Users/zhangping/PhpstormProjects/hqgz2/hqgz3/Application/Runtime/Cache/Adminmanage/53357b4ba2646b2e15c3eeee69928c26.php 第 38 行.
NOTIC: [8] Undefined variable: result_value /Users/zhangping/PhpstormProjects/hqgz2/hqgz3/Application/Runtime/Cache/Adminmanage/53357b4ba2646b2e15c3eeee69928c26.php 第 38 行.
INFO: Run Behavior\ParseTemplateBehavior [ RunTime:0.011468s ]
INFO: [ view_parse ] --END-- [ RunTime:0.011498s ]
INFO: [ view_filter ] --START--
INFO: Run Behavior\WriteHtmlCacheBehavior [ RunTime:0.000430s ]
INFO: [ view_filter ] --END-- [ RunTime:0.000455s ]
INFO: [ app_end ] --START--
INFO: Run Behavior\ShowPageTraceBehavior [ RunTime:0.002656s ]
INFO: [ app_end ] --END-- [ RunTime:0.002709s ]

[ 2019-09-18T12:39:24+08:00 ] ::1 /hqgz3/index.php/Adminmanage/Management/Workerslist.html?page=1&limit=40&dept=all
INFO: [ app_init ] --START--
INFO: Run Behavior\BuildLiteBehavior [ RunTime:0.000014s ]
INFO: [ app_init ] --END-- [ RunTime:0.000378s ]
INFO: [ app_begin ] --START--
INFO: Run Behavior\ReadHtmlCacheBehavior [ RunTime:0.000706s ]
INFO: [ app_begin ] --END-- [ RunTime:0.000767s ]
SQL: SHOW COLUMNS FROM `gz_workers` [ RunTime:0.0013s ]
SQL: SELECT * FROM `gz_workers` WHERE `年份` = '2019' ORDER BY 月份 desc LIMIT 0,40   [ RunTime:0.0027s ]
SQL: SELECT COUNT(*) AS tp_count FROM `gz_workers` WHERE `年份` = '2019' LIMIT 1   [ RunTime:0.0006s ]

